mode: set
github.com/manabie-com/togo/internal/api/handlers/handlers.go:36.39,38.2 1 0
github.com/manabie-com/togo/internal/api/handlers/handlers.go:40.42,54.2 5 0
github.com/manabie-com/togo/internal/api/handlers/handlers.go:56.45,58.2 1 0
github.com/manabie-com/togo/internal/api/handlers/handlers.go:60.51,66.2 1 0
github.com/manabie-com/togo/internal/api/handlers/handlers.go:74.81,76.16 2 0
github.com/manabie-com/togo/internal/api/handlers/handlers.go:80.2,80.19 1 0
github.com/manabie-com/togo/internal/api/handlers/handlers.go:84.2,84.40 1 0
github.com/manabie-com/togo/internal/api/handlers/handlers.go:76.16,78.3 1 0
github.com/manabie-com/togo/internal/api/handlers/handlers.go:80.19,82.3 1 0
github.com/manabie-com/togo/internal/api/handlers/handlers.go:87.73,89.16 2 0
github.com/manabie-com/togo/internal/api/handlers/handlers.go:93.2,93.38 1 0
github.com/manabie-com/togo/internal/api/handlers/handlers.go:97.2,98.114 2 0
github.com/manabie-com/togo/internal/api/handlers/handlers.go:102.2,102.16 1 0
github.com/manabie-com/togo/internal/api/handlers/handlers.go:106.2,106.30 1 0
github.com/manabie-com/togo/internal/api/handlers/handlers.go:110.2,111.9 2 0
github.com/manabie-com/togo/internal/api/handlers/handlers.go:115.2,116.9 2 0
github.com/manabie-com/togo/internal/api/handlers/handlers.go:120.2,125.22 2 0
github.com/manabie-com/togo/internal/api/handlers/handlers.go:89.16,91.3 1 0
github.com/manabie-com/togo/internal/api/handlers/handlers.go:93.38,95.3 1 0
github.com/manabie-com/togo/internal/api/handlers/handlers.go:98.114,100.3 1 0
github.com/manabie-com/togo/internal/api/handlers/handlers.go:102.16,104.3 1 0
github.com/manabie-com/togo/internal/api/handlers/handlers.go:106.30,108.3 1 0
github.com/manabie-com/togo/internal/api/handlers/handlers.go:111.9,113.3 1 0
github.com/manabie-com/togo/internal/api/handlers/handlers.go:116.9,118.3 1 0
github.com/manabie-com/togo/internal/api/handlers/users/api.go:9.67,11.2 2 0
github.com/manabie-com/togo/internal/api/handlers/users/api.go:11.2,13.3 1 0
github.com/manabie-com/togo/internal/api/handlers/users/setup.go:10.53,12.16 2 1
github.com/manabie-com/togo/internal/api/handlers/users/setup.go:16.2,17.16 2 1
github.com/manabie-com/togo/internal/api/handlers/users/setup.go:21.2,21.15 1 1
github.com/manabie-com/togo/internal/api/handlers/users/setup.go:25.2,25.22 1 1
github.com/manabie-com/togo/internal/api/handlers/users/setup.go:12.16,14.3 1 0
github.com/manabie-com/togo/internal/api/handlers/users/setup.go:17.16,19.3 1 0
github.com/manabie-com/togo/internal/api/handlers/users/setup.go:21.15,23.3 1 0
github.com/manabie-com/togo/internal/api/handlers/users/setup.go:28.32,31.2 2 1
github.com/manabie-com/togo/internal/api/handlers/users/user.go:13.63,14.32 1 1
github.com/manabie-com/togo/internal/api/handlers/users/user.go:14.32,16.56 2 1
github.com/manabie-com/togo/internal/api/handlers/users/user.go:21.3,22.17 2 1
github.com/manabie-com/togo/internal/api/handlers/users/user.go:27.3,27.18 1 1
github.com/manabie-com/togo/internal/api/handlers/users/user.go:32.3,34.52 2 1
github.com/manabie-com/togo/internal/api/handlers/users/user.go:39.3,39.73 1 1
github.com/manabie-com/togo/internal/api/handlers/users/user.go:16.56,19.4 2 0
github.com/manabie-com/togo/internal/api/handlers/users/user.go:22.17,25.4 2 1
github.com/manabie-com/togo/internal/api/handlers/users/user.go:27.18,30.4 2 0
github.com/manabie-com/togo/internal/api/handlers/users/user.go:34.52,37.4 2 1
github.com/manabie-com/togo/internal/api/handlers/tasks/api.go:10.67,13.2 3 0
github.com/manabie-com/togo/internal/api/handlers/tasks/api.go:13.2,15.3 1 0
github.com/manabie-com/togo/internal/api/handlers/tasks/setup.go:12.53,14.16 2 1
github.com/manabie-com/togo/internal/api/handlers/tasks/setup.go:18.2,19.16 2 1
github.com/manabie-com/togo/internal/api/handlers/tasks/setup.go:23.2,23.15 1 1
github.com/manabie-com/togo/internal/api/handlers/tasks/setup.go:27.2,27.22 1 1
github.com/manabie-com/togo/internal/api/handlers/tasks/setup.go:14.16,16.3 1 0
github.com/manabie-com/togo/internal/api/handlers/tasks/setup.go:19.16,21.3 1 0
github.com/manabie-com/togo/internal/api/handlers/tasks/setup.go:23.15,25.3 1 0
github.com/manabie-com/togo/internal/api/handlers/tasks/setup.go:30.32,33.2 2 1
github.com/manabie-com/togo/internal/api/handlers/tasks/setup.go:35.74,37.16 2 1
github.com/manabie-com/togo/internal/api/handlers/tasks/setup.go:40.2,40.8 1 1
github.com/manabie-com/togo/internal/api/handlers/tasks/setup.go:37.16,39.3 1 0
github.com/manabie-com/togo/internal/api/handlers/tasks/task.go:16.60,17.32 1 1
github.com/manabie-com/togo/internal/api/handlers/tasks/task.go:17.32,19.17 2 1
github.com/manabie-com/togo/internal/api/handlers/tasks/task.go:25.3,26.17 2 1
github.com/manabie-com/togo/internal/api/handlers/tasks/task.go:30.3,34.17 3 1
github.com/manabie-com/togo/internal/api/handlers/tasks/task.go:40.3,40.49 1 1
github.com/manabie-com/togo/internal/api/handlers/tasks/task.go:46.3,47.46 2 1
github.com/manabie-com/togo/internal/api/handlers/tasks/task.go:51.3,58.55 4 1
github.com/manabie-com/togo/internal/api/handlers/tasks/task.go:63.3,63.67 1 1
github.com/manabie-com/togo/internal/api/handlers/tasks/task.go:19.17,22.4 2 1
github.com/manabie-com/togo/internal/api/handlers/tasks/task.go:26.17,29.4 2 0
github.com/manabie-com/togo/internal/api/handlers/tasks/task.go:34.17,37.4 2 1
github.com/manabie-com/togo/internal/api/handlers/tasks/task.go:40.49,43.4 2 1
github.com/manabie-com/togo/internal/api/handlers/tasks/task.go:47.46,50.4 2 0
github.com/manabie-com/togo/internal/api/handlers/tasks/task.go:58.55,61.4 2 0
github.com/manabie-com/togo/internal/api/handlers/tasks/task.go:67.65,69.2 1 1
github.com/manabie-com/togo/internal/api/handlers/common/api.go:9.67,11.2 2 0
github.com/manabie-com/togo/internal/api/handlers/common/api.go:11.2,13.3 1 0
github.com/manabie-com/togo/internal/api/handlers/common/common.go:20.58,21.32 1 1
github.com/manabie-com/togo/internal/api/handlers/common/common.go:21.32,23.56 2 1
github.com/manabie-com/togo/internal/api/handlers/common/common.go:28.3,29.17 2 1
github.com/manabie-com/togo/internal/api/handlers/common/common.go:34.3,34.18 1 1
github.com/manabie-com/togo/internal/api/handlers/common/common.go:39.3,42.17 3 1
github.com/manabie-com/togo/internal/api/handlers/common/common.go:47.3,47.36 1 1
github.com/manabie-com/togo/internal/api/handlers/common/common.go:53.3,55.62 2 1
github.com/manabie-com/togo/internal/api/handlers/common/common.go:23.56,26.4 2 0
github.com/manabie-com/togo/internal/api/handlers/common/common.go:29.17,32.4 2 1
github.com/manabie-com/togo/internal/api/handlers/common/common.go:34.18,37.4 2 0
github.com/manabie-com/togo/internal/api/handlers/common/common.go:42.17,45.4 2 0
github.com/manabie-com/togo/internal/api/handlers/common/common.go:47.36,50.4 2 0
github.com/manabie-com/togo/internal/api/handlers/common/setup.go:12.53,14.16 2 1
github.com/manabie-com/togo/internal/api/handlers/common/setup.go:18.2,19.16 2 1
github.com/manabie-com/togo/internal/api/handlers/common/setup.go:23.2,23.15 1 1
github.com/manabie-com/togo/internal/api/handlers/common/setup.go:27.2,27.22 1 1
github.com/manabie-com/togo/internal/api/handlers/common/setup.go:14.16,16.3 1 0
github.com/manabie-com/togo/internal/api/handlers/common/setup.go:19.16,21.3 1 0
github.com/manabie-com/togo/internal/api/handlers/common/setup.go:23.15,25.3 1 0
github.com/manabie-com/togo/internal/api/handlers/common/setup.go:30.32,33.2 2 1
github.com/manabie-com/togo/internal/api/handlers/common/setup.go:35.70,37.16 2 1
github.com/manabie-com/togo/internal/api/handlers/common/setup.go:40.2,40.8 1 1
github.com/manabie-com/togo/internal/api/handlers/common/setup.go:37.16,39.3 1 0
