2022-02-06 00:05:45 - [INFO] : test-mail-1@gmail.com - easy-peasy
2022-02-06 00:05:45 - [INFO] : test-mail-2@gmail.com - lemon-squeeze
2022-02-06 00:05:45 - [INFO] : test-mail-3@gmail.com - naruto-tobacco
2022-02-06 00:07:01 - [INFO] : test-mail-1@gmail.com - easy-peasy
2022-02-06 00:07:01 - [INFO] : test-mail-2@gmail.com - lemon-squeeze
2022-02-06 00:07:01 - [INFO] : test-mail-3@gmail.com - naruto-tobacco
2022-02-06 00:07:47 - [INFO] : test-mail-1@gmail.com - easy-peasy
2022-02-06 00:07:47 - [INFO] : test-mail-2@gmail.com - lemon-squeeze
2022-02-06 00:07:47 - [INFO] : test-mail-3@gmail.com - naruto-tobacco
2022-02-06 00:08:06 - [INFO] : test-mail-1@gmail.com - easy-peasy
2022-02-06 00:08:06 - [INFO] : test-mail-2@gmail.com - lemon-squeeze
2022-02-06 00:08:06 - [INFO] : test-mail-3@gmail.com - naruto-tobacco
2022-02-06 00:08:18 - [INFO] : test-mail-1@gmail.com - easy-peasy
2022-02-06 00:08:18 - [INFO] : test-mail-2@gmail.com - lemon-squeeze
2022-02-06 00:08:18 - [INFO] : test-mail-3@gmail.com - naruto-tobacco
2022-02-06 00:09:04 - [INFO] : test-mail-1@gmail.com - easy-peasy
2022-02-06 00:09:04 - [INFO] : test-mail-2@gmail.com - lemon-squeeze
2022-02-06 00:09:04 - [INFO] : test-mail-3@gmail.com - naruto-tobacco
2022-02-06 00:09:04 - [INFO] : {'id': '7b144780dc5a495d8e8291993ed95f0b', 'username': '7b144780dc5a495d8e8291993ed95f0b', 'email': 'test-mail-1@gmail.com', 'salt': '$2a$10$wTbr7z1hj3cz/K569mAIE.', 'hashed': '$2a$10$wTbr7z1hj3cz/K569mAIE.1.Q3iPAeL0e6e/vLdWGb3OMiNDYlZKu', 'name': 'First User', 'pricing': '82eaddbb5d6044c58878e4206604f272'}
2022-02-06 00:09:04 - [INFO] : {'id': 'b17914a28a6047818ada24d5cac8cd2f', 'username': 'b17914a28a6047818ada24d5cac8cd2f', 'email': 'test-mail-2@gmail.com', 'salt': '$2a$10$cJQDwX66AyPbH49W0MfvWe', 'hashed': '$2a$10$cJQDwX66AyPbH49W0MfvWeRzcn7vIoiYxr5NJXqrFZxFMS7bMtfw2', 'name': 'Second User', 'pricing': '82eaddbb5d6044c58878e4206604f272'}
2022-02-06 00:09:04 - [INFO] : {'id': 'df565406b3434e1585cb97ea5df5d6f9', 'username': 'df565406b3434e1585cb97ea5df5d6f9', 'email': 'test-mail-3@gmail.com', 'salt': '$2a$10$mj6wC37WAVth2cWxcwcnH.', 'hashed': '$2a$10$mj6wC37WAVth2cWxcwcnH.DPHwWy8Whke3iySAjSC/2n9lv3nQMmq', 'name': 'Third User', 'pricing': '82eaddbb5d6044c58878e4206604f272'}
2022-02-06 00:09:16 - [INFO] : test-mail-1@gmail.com - easy-peasy
2022-02-06 00:09:16 - [INFO] : test-mail-2@gmail.com - lemon-squeeze
2022-02-06 00:09:16 - [INFO] : test-mail-3@gmail.com - naruto-tobacco
2022-02-06 00:09:16 - [INFO] : {'id': '92b11079254141b1b7b080671cb09700', 'username': '92b11079254141b1b7b080671cb09700', 'email': 'test-mail-1@gmail.com', 'salt': '$2a$10$HybwGzCnohCZO/TCPjrHNO', 'hashed': '$2a$10$HybwGzCnohCZO/TCPjrHNOUPUO2LAgArSF5IAyxKEEIDc9ep1AHcq', 'name': 'First User', 'pricing': '2848ea1498494b178d14c0e72d860242'}
2022-02-06 00:09:16 - [INFO] : {'id': '0c625c20979b4d6db2003db28ae9ee30', 'username': '0c625c20979b4d6db2003db28ae9ee30', 'email': 'test-mail-2@gmail.com', 'salt': '$2a$10$ltc7O8pAocBRX2fAMSCO8O', 'hashed': '$2a$10$ltc7O8pAocBRX2fAMSCO8OGloMacMUp3Ai2UvsiNPFv1biCUq1auW', 'name': 'Second User', 'pricing': '2848ea1498494b178d14c0e72d860242'}
2022-02-06 00:09:16 - [INFO] : {'id': 'b22e74dbd0bb4d5f9199cc764f080d3a', 'username': 'b22e74dbd0bb4d5f9199cc764f080d3a', 'email': 'test-mail-3@gmail.com', 'salt': '$2a$10$HyUcL0o2WqooVAmIkJGjUe', 'hashed': '$2a$10$HyUcL0o2WqooVAmIkJGjUeF2YPl7yy/1ppbXwOTHB3XYc6WbQ4anG', 'name': 'Third User', 'pricing': '2848ea1498494b178d14c0e72d860242'}
2022-02-06 00:09:16 - [INFO] : {'email': 'test-mail-4@gmail.com', 'password': 'easy-peasy', 'fullname': 'Fifth User'}
2022-02-06 00:10:15 - [INFO] : test-mail-1@gmail.com - easy-peasy
2022-02-06 00:10:16 - [INFO] : test-mail-1@gmail.com - easy-peasy
2022-02-06 00:10:33 - [INFO] : test-mail-1@gmail.com - easy-peasy
2022-02-06 00:10:51 - [INFO] : test-mail-1@gmail.com - easy-peasy
2022-02-06 00:10:51 - [INFO] : test-mail-2@gmail.com - lemon-squeeze
2022-02-06 00:10:51 - [INFO] : test-mail-3@gmail.com - naruto-tobacco
2022-02-06 00:10:51 - [INFO] : {'fullname': 'First User', 'id': '68bf91f6ffff4ef49d9d1c2f3746cfbb', 'username': '68bf91f6ffff4ef49d9d1c2f3746cfbb', 'email': 'test-mail-1@gmail.com', 'salt': '$2a$10$Eadj4vguPnSLIvy/knGuM.', 'hashed': '$2a$10$Eadj4vguPnSLIvy/knGuM.IM3jMD1ONL4F0THbARKxdyPFExoySGm', 'name': 'First User', 'pricing': '6564255a047f4373881288ff60a41c83', 'password': 'easy-peasy'}
2022-02-06 00:10:51 - [INFO] : {'fullname': 'Second User', 'id': '46c79295391644668f091710400caf04', 'username': '46c79295391644668f091710400caf04', 'email': 'test-mail-2@gmail.com', 'salt': '$2a$10$T9zapSA3GpdUgCFw7YUuRe', 'hashed': '$2a$10$T9zapSA3GpdUgCFw7YUuRen9036AkVEpcedvgBQEdpWcdlMozGeLe', 'name': 'Second User', 'pricing': '6564255a047f4373881288ff60a41c83', 'password': 'lemon-squeeze'}
2022-02-06 00:10:51 - [INFO] : {'fullname': 'Third User', 'id': '94d5c02f0ab84dc6883d99c34a88a7b3', 'username': '94d5c02f0ab84dc6883d99c34a88a7b3', 'email': 'test-mail-3@gmail.com', 'salt': '$2a$10$HNJ0uQfn4ULZLNiPMGiJoe', 'hashed': '$2a$10$HNJ0uQfn4ULZLNiPMGiJoeUiMs/0Bvp58y.OtQptFzYMkcnLU2LC.', 'name': 'Third User', 'pricing': '6564255a047f4373881288ff60a41c83', 'password': 'naruto-tobacco'}
2022-02-06 00:10:51 - [INFO] : {'email': 'test-mail-4@gmail.com', 'password': 'easy-peasy', 'fullname': 'Fifth User'}
2022-02-06 00:10:51 - [INFO] : test-mail-1@gmail.com - easy-peasy
2022-02-06 00:10:51 - [INFO] : test-mail-2@gmail.com - lemon-squeeze
2022-02-06 00:10:51 - [INFO] : test-mail-3@gmail.com - naruto-tobacco
2022-02-06 00:10:52 - [INFO] : {'fullname': 'First User', 'id': '6137afd076ff41a4af4139387546aea3', 'username': '6137afd076ff41a4af4139387546aea3', 'salt': '$2a$10$WTcpTcb1V2sZllI5YTqw8O', 'hashed': '$2a$10$WTcpTcb1V2sZllI5YTqw8O.J6x2OwmnD37zOAnBEwkFoFLdurm2MK', 'name': 'First User', 'pricing': '6564255a047f4373881288ff60a41c83', 'email': 'test-mail-1@gmail.com', 'password': 'easy-peasy'}
2022-02-06 00:10:52 - [INFO] : test-mail-1@gmail.com
2022-02-06 00:10:52 - [INFO] : easy-peasy
2022-02-06 00:10:52 - [INFO] : {'token': 'eyJ0eXAiOiJKV1QiLCJhbGciOiJIUzI1NiIsImV4cCI6MTY3MjUwNjAwMC4wfQ.eyJ1c2VySWQiOiI2MTM3YWZkMDc2ZmY0MWE0YWY0MTM5Mzg3NTQ2YWVhMyJ9.GzhO-v6mwHa0RpMU69Z5_46rAJuMf7od7QUfX_NHUf0'}
2022-02-06 00:11:16 - [INFO] : test-mail-1@gmail.com - easy-peasy
2022-02-06 00:11:16 - [INFO] : test-mail-2@gmail.com - lemon-squeeze
2022-02-06 00:11:16 - [INFO] : test-mail-3@gmail.com - naruto-tobacco
2022-02-06 00:11:16 - [INFO] : {'fullname': 'First User', 'id': '9fc9fa536bad4d8585b1bc49657a1d84', 'username': '9fc9fa536bad4d8585b1bc49657a1d84', 'email': 'test-mail-1@gmail.com', 'salt': '$2a$10$VV108RGnEZmFPXS10ItLmO', 'hashed': '$2a$10$VV108RGnEZmFPXS10ItLmO1A3qQo3StxmfMJbW/lI15FctWc.IKV6', 'name': 'First User', 'pricing': '0d6747f28b384acf853db35f962b9400', 'password': 'easy-peasy'}
2022-02-06 00:11:16 - [INFO] : {'fullname': 'Second User', 'id': 'aa8ac1d0aa304966afa8902833398dcb', 'username': 'aa8ac1d0aa304966afa8902833398dcb', 'email': 'test-mail-2@gmail.com', 'salt': '$2a$10$lq3ix6J3f0sGJqDUcXekTe', 'hashed': '$2a$10$lq3ix6J3f0sGJqDUcXekTepCt8w1ea.i.Qg18BqPT4wplZgYfhIDO', 'name': 'Second User', 'pricing': '0d6747f28b384acf853db35f962b9400', 'password': 'lemon-squeeze'}
2022-02-06 00:11:16 - [INFO] : {'fullname': 'Third User', 'id': '4b38adae4f2249c299afe37138049349', 'username': '4b38adae4f2249c299afe37138049349', 'email': 'test-mail-3@gmail.com', 'salt': '$2a$10$ctgOv/UE/2SHu2tA.Pk7Gu', 'hashed': '$2a$10$ctgOv/UE/2SHu2tA.Pk7GuDsfoW.8RNJeyGXgeFEE3pVXXr3k5CoO', 'name': 'Third User', 'pricing': '0d6747f28b384acf853db35f962b9400', 'password': 'naruto-tobacco'}
2022-02-06 00:11:16 - [INFO] : {'email': 'test-mail-4@gmail.com', 'password': 'easy-peasy', 'fullname': 'Fifth User'}
2022-02-06 00:11:45 - [INFO] : test-mail-1@gmail.com - easy-peasy
2022-02-06 00:11:45 - [INFO] : test-mail-2@gmail.com - lemon-squeeze
2022-02-06 00:11:45 - [INFO] : test-mail-3@gmail.com - naruto-tobacco
2022-02-06 00:11:46 - [INFO] : {'fullname': 'First User', 'id': '2dd7e9a4fa4645cfab1e45a041921315', 'username': '2dd7e9a4fa4645cfab1e45a041921315', 'email': 'test-mail-1@gmail.com', 'salt': '$2a$10$WGv9weiv.sq/lU8DpUzzNe', 'hashed': '$2a$10$WGv9weiv.sq/lU8DpUzzNefqwhJuv3lQOaxaG5OoNcS6VmQ0XeOOG', 'name': 'First User', 'pricing': 'f80cec27d6b84d3c9e46bfd3a72c3491', 'password': 'easy-peasy'}
2022-02-06 00:11:46 - [INFO] : {'fullname': 'Second User', 'id': '88bfefead0f04a659dc04eddc208a5b1', 'username': '88bfefead0f04a659dc04eddc208a5b1', 'email': 'test-mail-2@gmail.com', 'salt': '$2a$10$2vnvuxUDGKb3LqVvSXl27O', 'hashed': '$2a$10$2vnvuxUDGKb3LqVvSXl27O9XmuCFPsjVKfggiacUMqycthf6Zri6S', 'name': 'Second User', 'pricing': 'f80cec27d6b84d3c9e46bfd3a72c3491', 'password': 'lemon-squeeze'}
2022-02-06 00:11:46 - [INFO] : {'fullname': 'Third User', 'id': '52b484c5901a4985880e4c1af0372812', 'username': '52b484c5901a4985880e4c1af0372812', 'email': 'test-mail-3@gmail.com', 'salt': '$2a$10$b3DklC/ZP.uhEKHg2myfGO', 'hashed': '$2a$10$b3DklC/ZP.uhEKHg2myfGO0R5AQ/pnoqUNZOuADv.3Lf8dS5hDkiK', 'name': 'Third User', 'pricing': 'f80cec27d6b84d3c9e46bfd3a72c3491', 'password': 'naruto-tobacco'}
2022-02-06 00:11:46 - [INFO] : {'email': 'test-mail-4@gmail.com', 'password': 'easy-peasy', 'fullname': 'Fifth User'}
2022-02-06 00:11:46 - [INFO] : test-mail-1@gmail.com - easy-peasy
2022-02-06 00:11:46 - [INFO] : test-mail-2@gmail.com - lemon-squeeze
2022-02-06 00:11:46 - [INFO] : test-mail-3@gmail.com - naruto-tobacco
2022-02-06 00:11:46 - [INFO] : {'fullname': 'First User', 'id': '00e4a060ce794830bb5f1a35795391b7', 'username': '00e4a060ce794830bb5f1a35795391b7', 'salt': '$2a$10$UlRDrLt8PHTdx1xE4em.wO', 'hashed': '$2a$10$UlRDrLt8PHTdx1xE4em.wO1nyvA9E3q9YPCbMDPC9FeuKfgq.d0XG', 'name': 'First User', 'pricing': 'f80cec27d6b84d3c9e46bfd3a72c3491', 'email': 'test-mail-1@gmail.com', 'password': 'easy-peasy'}
2022-02-06 00:11:46 - [INFO] : test-mail-1@gmail.com
2022-02-06 00:11:46 - [INFO] : easy-peasy
2022-02-06 00:11:46 - [INFO] : {'fullname': 'Second User', 'id': '9457a669bd0445549728c4f1c90e3cb6', 'username': '9457a669bd0445549728c4f1c90e3cb6', 'salt': '$2a$10$2CwFGnlwmZ.6fuqI2DCiMO', 'hashed': '$2a$10$2CwFGnlwmZ.6fuqI2DCiMO3EUyuF3fCEXsNMW76HTdE1X6RAu.pF6', 'name': 'Second User', 'pricing': 'f80cec27d6b84d3c9e46bfd3a72c3491', 'email': 'test-mail-2@gmail.com', 'password': 'lemon-squeeze'}
2022-02-06 00:11:46 - [INFO] : test-mail-2@gmail.com
2022-02-06 00:11:46 - [INFO] : lemon-squeeze
2022-02-06 00:11:46 - [INFO] : {'fullname': 'Third User', 'id': '25cecace308c42f39accbbc8ae0c16c6', 'username': '25cecace308c42f39accbbc8ae0c16c6', 'salt': '$2a$10$QOHNX54vuTQfdYDja5G4Pe', 'hashed': '$2a$10$QOHNX54vuTQfdYDja5G4PeVzCX6j3tYDFtVYbkZgmbLa3LKziFDmG', 'name': 'Third User', 'pricing': 'f80cec27d6b84d3c9e46bfd3a72c3491', 'email': 'test-mail-3@gmail.com', 'password': 'naruto-tobacco'}
2022-02-06 00:11:46 - [INFO] : test-mail-3@gmail.com
2022-02-06 00:11:46 - [INFO] : naruto-tobacco
2022-02-06 00:19:03 - [INFO] : test-mail-1@gmail.com - easy-peasy
2022-02-06 00:19:03 - [INFO] : test-mail-2@gmail.com - lemon-squeeze
2022-02-06 00:19:04 - [INFO] : test-mail-3@gmail.com - naruto-tobacco
2022-02-06 00:19:04 - [INFO] : {'fullname': 'First User', 'id': '96318775ab7a4a4598687b6c3010be5f', 'username': '96318775ab7a4a4598687b6c3010be5f', 'email': 'test-mail-1@gmail.com', 'salt': '$2a$10$jZvN.ZDEJsrPv3i9LJeb2O', 'hashed': '$2a$10$jZvN.ZDEJsrPv3i9LJeb2Og.xyqwQzu26/tTyBnWxenyYD2joylH2', 'name': 'First User', 'pricing': 'ca275e604a7b43708736b5286fdc6fae', 'password': 'easy-peasy'}
2022-02-06 00:19:04 - [INFO] : {'fullname': 'Second User', 'id': 'f4f175ff3753448a901b3ca9b0df8833', 'username': 'f4f175ff3753448a901b3ca9b0df8833', 'email': 'test-mail-2@gmail.com', 'salt': '$2a$10$fXUC1kNoHPfu2RNkJTl8he', 'hashed': '$2a$10$fXUC1kNoHPfu2RNkJTl8heeWtwmPDQa0019gQVG2VKWiMA6IST1Iu', 'name': 'Second User', 'pricing': 'ca275e604a7b43708736b5286fdc6fae', 'password': 'lemon-squeeze'}
2022-02-06 00:19:04 - [INFO] : {'fullname': 'Third User', 'id': 'e367fc0b647d464f9a0ac2254062724c', 'username': 'e367fc0b647d464f9a0ac2254062724c', 'email': 'test-mail-3@gmail.com', 'salt': '$2a$10$oREYkHp5K5m0NaVXyttxae', 'hashed': '$2a$10$oREYkHp5K5m0NaVXyttxaezt38.1sxvofbYbGqZl/rIlifo8/OXem', 'name': 'Third User', 'pricing': 'ca275e604a7b43708736b5286fdc6fae', 'password': 'naruto-tobacco'}
2022-02-06 00:19:04 - [INFO] : {'email': 'test-mail-4@gmail.com', 'password': 'easy-peasy', 'fullname': 'Fifth User'}
2022-02-06 00:19:04 - [INFO] : test-mail-1@gmail.com - easy-peasy
2022-02-06 00:19:04 - [INFO] : test-mail-2@gmail.com - lemon-squeeze
2022-02-06 00:19:04 - [INFO] : test-mail-3@gmail.com - naruto-tobacco
2022-02-06 00:19:04 - [INFO] : {'fullname': 'First User', 'id': 'a5a542bab6194707a1e700c90d494c32', 'username': 'a5a542bab6194707a1e700c90d494c32', 'salt': '$2a$10$qccA9jwZLJ4i.eBzfxdE.u', 'hashed': '$2a$10$qccA9jwZLJ4i.eBzfxdE.uYKD7SxGwTq.xXgDFc9xoEXnnMbD8RRW', 'name': 'First User', 'pricing': 'ca275e604a7b43708736b5286fdc6fae', 'email': 'test-mail-1@gmail.com', 'password': 'easy-peasy'}
2022-02-06 00:19:04 - [INFO] : test-mail-1@gmail.com
2022-02-06 00:19:04 - [INFO] : easy-peasy
2022-02-06 00:19:04 - [INFO] : {'fullname': 'Second User', 'id': '2e168558810f4e32a20af5cad7748147', 'username': '2e168558810f4e32a20af5cad7748147', 'salt': '$2a$10$Qj1O8LR8KcCD6rPZA79YLO', 'hashed': '$2a$10$Qj1O8LR8KcCD6rPZA79YLOf69LPvpoAVDrfv2ePVuue3P63R5/RZC', 'name': 'Second User', 'pricing': 'ca275e604a7b43708736b5286fdc6fae', 'email': 'test-mail-2@gmail.com', 'password': 'lemon-squeeze'}
2022-02-06 00:19:04 - [INFO] : test-mail-2@gmail.com
2022-02-06 00:19:04 - [INFO] : lemon-squeeze
2022-02-06 00:19:04 - [INFO] : {'fullname': 'Third User', 'id': '3f1fff25643340dfb0ce376de091c6ff', 'username': '3f1fff25643340dfb0ce376de091c6ff', 'salt': '$2a$10$n.GQUhNQZ0/xL0v6DKmFqe', 'hashed': '$2a$10$n.GQUhNQZ0/xL0v6DKmFqeKtVgSseUqZEnj5kKcfuTS7Dm0P/Plka', 'name': 'Third User', 'pricing': 'ca275e604a7b43708736b5286fdc6fae', 'email': 'test-mail-3@gmail.com', 'password': 'naruto-tobacco'}
2022-02-06 00:19:04 - [INFO] : test-mail-3@gmail.com
2022-02-06 00:19:04 - [INFO] : naruto-tobacco
2022-02-06 00:19:04 - [INFO] : test-mail-1@gmail.com - easy-peasy
2022-02-06 00:19:04 - [INFO] : test-mail-2@gmail.com - lemon-squeeze
2022-02-06 00:19:04 - [INFO] : test-mail-3@gmail.com - naruto-tobacco
2022-02-06 00:19:25 - [INFO] : test-mail-1@gmail.com - easy-peasy
2022-02-06 00:19:25 - [INFO] : test-mail-2@gmail.com - lemon-squeeze
2022-02-06 00:19:25 - [INFO] : test-mail-3@gmail.com - naruto-tobacco
2022-02-06 00:19:25 - [INFO] : {'fullname': 'First User', 'id': '7d9444c748434197bc62f3b3330aa75f', 'username': '7d9444c748434197bc62f3b3330aa75f', 'email': 'test-mail-1@gmail.com', 'salt': '$2a$10$BUapszsGx.1Ph4.cT.Wegu', 'hashed': '$2a$10$BUapszsGx.1Ph4.cT.Wegut0LfYhOgL0iRopXCca/jpBLNiqlPFNS', 'name': 'First User', 'pricing': '0b75239928654c248e282104056cc3dc', 'password': 'easy-peasy'}
2022-02-06 00:19:25 - [INFO] : {'fullname': 'Second User', 'id': '59a5f131573541879145a0a05510a2f9', 'username': '59a5f131573541879145a0a05510a2f9', 'email': 'test-mail-2@gmail.com', 'salt': '$2a$10$6z.AK2XWORnXFmKs7GTEhe', 'hashed': '$2a$10$6z.AK2XWORnXFmKs7GTEhe7/ff8zW1rcMtvl3iNoKnI/JbQP/5tDq', 'name': 'Second User', 'pricing': '0b75239928654c248e282104056cc3dc', 'password': 'lemon-squeeze'}
2022-02-06 00:19:25 - [INFO] : {'fullname': 'Third User', 'id': 'a49d5f3a1859419d9932e155a4ae2927', 'username': 'a49d5f3a1859419d9932e155a4ae2927', 'email': 'test-mail-3@gmail.com', 'salt': '$2a$10$WW3QMBuTDjBch5RyerWKM.', 'hashed': '$2a$10$WW3QMBuTDjBch5RyerWKM.k9XrggtwU9MUNFrGjf4116lohC52dt6', 'name': 'Third User', 'pricing': '0b75239928654c248e282104056cc3dc', 'password': 'naruto-tobacco'}
2022-02-06 00:19:25 - [INFO] : {'email': 'test-mail-4@gmail.com', 'password': 'easy-peasy', 'fullname': 'Fifth User'}
2022-02-06 00:19:25 - [INFO] : test-mail-1@gmail.com - easy-peasy
2022-02-06 00:19:25 - [INFO] : test-mail-2@gmail.com - lemon-squeeze
2022-02-06 00:19:25 - [INFO] : test-mail-3@gmail.com - naruto-tobacco
2022-02-06 00:19:25 - [INFO] : {'fullname': 'First User', 'id': '1e22283e080146f68c245d4f0d3769b0', 'username': '1e22283e080146f68c245d4f0d3769b0', 'salt': '$2a$10$zc/U2zBqbGKZJ6ihS3XeNO', 'hashed': '$2a$10$zc/U2zBqbGKZJ6ihS3XeNOHt4KkDb4RuHT7yeBkDt7oTKKOFssSw6', 'name': 'First User', 'pricing': '0b75239928654c248e282104056cc3dc', 'email': 'test-mail-1@gmail.com', 'password': 'easy-peasy'}
2022-02-06 00:19:25 - [INFO] : test-mail-1@gmail.com
2022-02-06 00:19:25 - [INFO] : easy-peasy
2022-02-06 00:19:25 - [INFO] : {'fullname': 'Second User', 'id': 'dae8799f335a4a5ba1f83413aa99ffc3', 'username': 'dae8799f335a4a5ba1f83413aa99ffc3', 'salt': '$2a$10$MV1MjfWcbM1CZJfSi0E/7u', 'hashed': '$2a$10$MV1MjfWcbM1CZJfSi0E/7uORLdbfry/CWglK/NYVQJjq8tGeLhNH.', 'name': 'Second User', 'pricing': '0b75239928654c248e282104056cc3dc', 'email': 'test-mail-2@gmail.com', 'password': 'lemon-squeeze'}
2022-02-06 00:19:25 - [INFO] : test-mail-2@gmail.com
2022-02-06 00:19:25 - [INFO] : lemon-squeeze
2022-02-06 00:19:25 - [INFO] : {'fullname': 'Third User', 'id': '1121e81c109247dbb5cbbbcce0789774', 'username': '1121e81c109247dbb5cbbbcce0789774', 'salt': '$2a$10$9vE6PdDHSxIv2M0JWQEN/e', 'hashed': '$2a$10$9vE6PdDHSxIv2M0JWQEN/eLS.dOZQScCUmTUKSwy.v00q.LiVASuy', 'name': 'Third User', 'pricing': '0b75239928654c248e282104056cc3dc', 'email': 'test-mail-3@gmail.com', 'password': 'naruto-tobacco'}
2022-02-06 00:19:25 - [INFO] : test-mail-3@gmail.com
2022-02-06 00:19:25 - [INFO] : naruto-tobacco
2022-02-06 00:19:26 - [INFO] : test-mail-1@gmail.com - easy-peasy
2022-02-06 00:19:26 - [INFO] : test-mail-2@gmail.com - lemon-squeeze
2022-02-06 00:19:26 - [INFO] : test-mail-3@gmail.com - naruto-tobacco
2022-02-06 00:20:47 - [INFO] : test-mail-1@gmail.com - easy-peasy
2022-02-06 00:20:47 - [INFO] : test-mail-2@gmail.com - lemon-squeeze
2022-02-06 00:20:48 - [INFO] : test-mail-3@gmail.com - naruto-tobacco
2022-02-06 00:20:48 - [INFO] : {'fullname': 'First User', 'id': '3745c4fd0d80499aaf9fdf1b2e2c4a6a', 'username': '3745c4fd0d80499aaf9fdf1b2e2c4a6a', 'email': 'test-mail-1@gmail.com', 'salt': '$2a$10$xs6k6MDMhhE.59odFDFMue', 'hashed': '$2a$10$xs6k6MDMhhE.59odFDFMueRXDkJ3LXYjITFaV96.CrZt38GlnQvGG', 'name': 'First User', 'pricing': '56232cecd9f74dc6b46ef68683168fdb', 'password': 'easy-peasy'}
2022-02-06 00:20:48 - [INFO] : {'fullname': 'Second User', 'id': '2799364ce4cc4d32927337a573291136', 'username': '2799364ce4cc4d32927337a573291136', 'email': 'test-mail-2@gmail.com', 'salt': '$2a$10$rs3rbzQaBuF49HwEJ9gyV.', 'hashed': '$2a$10$rs3rbzQaBuF49HwEJ9gyV.2CPOPBLd1xNjMrVAsr3IVC6Ag4ciUYS', 'name': 'Second User', 'pricing': '56232cecd9f74dc6b46ef68683168fdb', 'password': 'lemon-squeeze'}
2022-02-06 00:20:48 - [INFO] : {'fullname': 'Third User', 'id': '82f9dc7b4e524fb0b2366b5571fddb5d', 'username': '82f9dc7b4e524fb0b2366b5571fddb5d', 'email': 'test-mail-3@gmail.com', 'salt': '$2a$10$6ZM22.M2LbN.cCLek2aLzu', 'hashed': '$2a$10$6ZM22.M2LbN.cCLek2aLzuypEiQI1MpCfoWOwij.kWf78Y5JhREOa', 'name': 'Third User', 'pricing': '56232cecd9f74dc6b46ef68683168fdb', 'password': 'naruto-tobacco'}
2022-02-06 00:20:48 - [INFO] : {'email': 'test-mail-4@gmail.com', 'password': 'easy-peasy', 'fullname': 'Fifth User'}
2022-02-06 00:20:48 - [INFO] : test-mail-1@gmail.com - easy-peasy
2022-02-06 00:20:48 - [INFO] : test-mail-2@gmail.com - lemon-squeeze
2022-02-06 00:20:48 - [INFO] : test-mail-3@gmail.com - naruto-tobacco
2022-02-06 00:20:48 - [INFO] : {'fullname': 'First User', 'id': '54b1472a8c614b428ddbc79576595383', 'username': '54b1472a8c614b428ddbc79576595383', 'salt': '$2a$10$nyEecs9Qb0fzy.BZOymfHu', 'hashed': '$2a$10$nyEecs9Qb0fzy.BZOymfHuFg2G3og6KUS3rUUbpFqENLhbZJgXSX.', 'name': 'First User', 'pricing': '56232cecd9f74dc6b46ef68683168fdb', 'email': 'test-mail-1@gmail.com', 'password': 'easy-peasy'}
2022-02-06 00:20:48 - [INFO] : test-mail-1@gmail.com
2022-02-06 00:20:48 - [INFO] : easy-peasy
2022-02-06 00:20:48 - [INFO] : {'fullname': 'Second User', 'id': '8b6f977908f7434ca97171f8dee1a028', 'username': '8b6f977908f7434ca97171f8dee1a028', 'salt': '$2a$10$c9dPGGajzGA4YIRS5WdrF.', 'hashed': '$2a$10$c9dPGGajzGA4YIRS5WdrF.jjKvZGj9NnyYMX5SdhUL/qJ.F7cWK9a', 'name': 'Second User', 'pricing': '56232cecd9f74dc6b46ef68683168fdb', 'email': 'test-mail-2@gmail.com', 'password': 'lemon-squeeze'}
2022-02-06 00:20:48 - [INFO] : test-mail-2@gmail.com
2022-02-06 00:20:48 - [INFO] : lemon-squeeze
2022-02-06 00:20:48 - [INFO] : {'fullname': 'Third User', 'id': '3d22da4eee374c34bdd2751e0e3db5d0', 'username': '3d22da4eee374c34bdd2751e0e3db5d0', 'salt': '$2a$10$Pmac43N6Ix8XBB846IRoA.', 'hashed': '$2a$10$Pmac43N6Ix8XBB846IRoA.2ucq/k7JwlJsCp0B6LYsguffvGn5W82', 'name': 'Third User', 'pricing': '56232cecd9f74dc6b46ef68683168fdb', 'email': 'test-mail-3@gmail.com', 'password': 'naruto-tobacco'}
2022-02-06 00:20:48 - [INFO] : test-mail-3@gmail.com
2022-02-06 00:20:48 - [INFO] : naruto-tobacco
2022-02-06 00:20:48 - [INFO] : test-mail-1@gmail.com - easy-peasy
2022-02-06 00:20:48 - [INFO] : test-mail-2@gmail.com - lemon-squeeze
2022-02-06 00:20:48 - [INFO] : test-mail-3@gmail.com - naruto-tobacco
2022-02-06 00:21:55 - [INFO] : test-mail-1@gmail.com - easy-peasy
2022-02-06 00:21:55 - [INFO] : test-mail-2@gmail.com - lemon-squeeze
2022-02-06 00:21:55 - [INFO] : test-mail-3@gmail.com - naruto-tobacco
2022-02-06 00:21:55 - [INFO] : test-mail-1@gmail.com - easy-peasy
2022-02-06 00:21:55 - [INFO] : test-mail-2@gmail.com - lemon-squeeze
2022-02-06 00:21:55 - [INFO] : test-mail-3@gmail.com - naruto-tobacco
2022-02-06 00:21:55 - [INFO] : {'fullname': 'First User', 'id': '1da62f5b6f6a49e2af2c903b0aa656ca', 'username': '1da62f5b6f6a49e2af2c903b0aa656ca', 'salt': '$2a$10$LZ3TADgFcGbHPwuYME/C1O', 'hashed': '$2a$10$LZ3TADgFcGbHPwuYME/C1Omah5KdiizeGR/r2AUTIhoqjTf1tKmPO', 'name': 'First User', 'pricing': '5e80bb277c4941dfb544ca4b7103714e', 'email': 'test-mail-1@gmail.com', 'password': 'easy-peasy'}
2022-02-06 00:21:55 - [INFO] : {'fullname': 'Second User', 'id': 'fc219f7c4fbf4cb8ae6e4b9c4ff1f999', 'username': 'fc219f7c4fbf4cb8ae6e4b9c4ff1f999', 'salt': '$2a$10$urEL.FMSmNet37FMSizmdu', 'hashed': '$2a$10$urEL.FMSmNet37FMSizmduOefqvOzsSOJeug.OrxpRxflZrGdeJSy', 'name': 'Second User', 'pricing': '5e80bb277c4941dfb544ca4b7103714e', 'email': 'test-mail-2@gmail.com', 'password': 'lemon-squeeze'}
2022-02-06 00:21:55 - [INFO] : {'fullname': 'Third User', 'id': '200b5bf4cf0a416784920384699229a6', 'username': '200b5bf4cf0a416784920384699229a6', 'salt': '$2a$10$e7PRZZKbASxQODHgDi45AO', 'hashed': '$2a$10$e7PRZZKbASxQODHgDi45AOFWEhcpFjsq0HkL942qUU/zvH91.kjJ6', 'name': 'Third User', 'pricing': '5e80bb277c4941dfb544ca4b7103714e', 'email': 'test-mail-3@gmail.com', 'password': 'naruto-tobacco'}
2022-02-06 00:21:55 - [INFO] : {'email': 'test-mail-4@gmail.com', 'password': 'easy-peasy', 'fullname': 'Fifth User'}
2022-02-06 00:21:55 - [INFO] : test-mail-1@gmail.com - easy-peasy
2022-02-06 00:21:55 - [INFO] : test-mail-2@gmail.com - lemon-squeeze
2022-02-06 00:21:55 - [INFO] : test-mail-3@gmail.com - naruto-tobacco
2022-02-06 00:21:56 - [INFO] : {'fullname': 'First User', 'id': '0dd3e3a33eee477d987201bb41d7f24f', 'username': '0dd3e3a33eee477d987201bb41d7f24f', 'salt': '$2a$10$j5sWmd/Ai.7hHAxcLrjxc.', 'hashed': '$2a$10$j5sWmd/Ai.7hHAxcLrjxc.DjEpqZbUAoNgXwFlcE1IdDR/7foIE/a', 'name': 'First User', 'pricing': '5e80bb277c4941dfb544ca4b7103714e', 'email': 'test-mail-1@gmail.com', 'password': 'easy-peasy'}
2022-02-06 00:21:56 - [INFO] : test-mail-1@gmail.com
2022-02-06 00:21:56 - [INFO] : easy-peasy
2022-02-06 00:21:56 - [INFO] : {'fullname': 'Second User', 'id': 'e8cd74462ff542f8955272420e71abbe', 'username': 'e8cd74462ff542f8955272420e71abbe', 'salt': '$2a$10$3y6UxT10SwTOdG0UJTKYce', 'hashed': '$2a$10$3y6UxT10SwTOdG0UJTKYceNrFVYKgNGQ9KaDDw/Gebyn..toskAiO', 'name': 'Second User', 'pricing': '5e80bb277c4941dfb544ca4b7103714e', 'email': 'test-mail-2@gmail.com', 'password': 'lemon-squeeze'}
2022-02-06 00:21:56 - [INFO] : test-mail-2@gmail.com
2022-02-06 00:21:56 - [INFO] : lemon-squeeze
2022-02-06 00:21:56 - [INFO] : {'fullname': 'Third User', 'id': 'e039986fb0f94dc9adbf3d21774efa12', 'username': 'e039986fb0f94dc9adbf3d21774efa12', 'salt': '$2a$10$vGQX1lGR4JZN7E8y8tpLz.', 'hashed': '$2a$10$vGQX1lGR4JZN7E8y8tpLz.K6RsEZ0dyMYKoIdLZdysSyjkxEkBFZu', 'name': 'Third User', 'pricing': '5e80bb277c4941dfb544ca4b7103714e', 'email': 'test-mail-3@gmail.com', 'password': 'naruto-tobacco'}
2022-02-06 00:21:56 - [INFO] : test-mail-3@gmail.com
2022-02-06 00:21:56 - [INFO] : naruto-tobacco
2022-02-06 00:21:56 - [INFO] : test-mail-1@gmail.com - easy-peasy
2022-02-06 00:21:56 - [INFO] : test-mail-2@gmail.com - lemon-squeeze
2022-02-06 00:21:56 - [INFO] : test-mail-3@gmail.com - naruto-tobacco
2022-02-06 00:22:06 - [INFO] : test-mail-1@gmail.com - easy-peasy
2022-02-06 00:22:06 - [INFO] : test-mail-2@gmail.com - lemon-squeeze
2022-02-06 00:22:07 - [INFO] : test-mail-3@gmail.com - naruto-tobacco
2022-02-06 00:22:07 - [INFO] : test-mail-1@gmail.com - easy-peasy
2022-02-06 00:22:07 - [INFO] : test-mail-2@gmail.com - lemon-squeeze
2022-02-06 00:22:07 - [INFO] : test-mail-3@gmail.com - naruto-tobacco
2022-02-06 00:22:07 - [INFO] : {'fullname': 'First User', 'id': '8796359428d649298c0aaa1221c5f754', 'username': '8796359428d649298c0aaa1221c5f754', 'salt': '$2a$10$S/XApl.UFlshD9Q5bctpHO', 'hashed': '$2a$10$S/XApl.UFlshD9Q5bctpHOegv6aSLDkkWtdC02XgCq6WZgvfreWM.', 'name': 'First User', 'pricing': '4908de24092045f1a9e6ed29807c3eeb', 'email': 'test-mail-1@gmail.com', 'password': 'easy-peasy'}
2022-02-06 00:22:07 - [INFO] : {'fullname': 'Second User', 'id': '34e1c1089f374d18a3a4ae9d3bfbd2ca', 'username': '34e1c1089f374d18a3a4ae9d3bfbd2ca', 'salt': '$2a$10$2iLMOZjLZq2IFnLl2R9Dee', 'hashed': '$2a$10$2iLMOZjLZq2IFnLl2R9Dee1wlM8u1c12sHf6RQ/ANIDCTshqwIbKi', 'name': 'Second User', 'pricing': '4908de24092045f1a9e6ed29807c3eeb', 'email': 'test-mail-2@gmail.com', 'password': 'lemon-squeeze'}
2022-02-06 00:22:07 - [INFO] : {'fullname': 'Third User', 'id': '9bb86ddc19dd4076852dbd620a15e330', 'username': '9bb86ddc19dd4076852dbd620a15e330', 'salt': '$2a$10$dZZkqfKVMy0TPr3Dk16yqu', 'hashed': '$2a$10$dZZkqfKVMy0TPr3Dk16yquwJ6TFNut6BNrMDlGQETrU4CBkEDCU2S', 'name': 'Third User', 'pricing': '4908de24092045f1a9e6ed29807c3eeb', 'email': 'test-mail-3@gmail.com', 'password': 'naruto-tobacco'}
2022-02-06 00:22:07 - [INFO] : {'email': 'test-mail-4@gmail.com', 'password': 'easy-peasy', 'fullname': 'Fifth User'}
2022-02-06 00:22:07 - [INFO] : test-mail-1@gmail.com - easy-peasy
2022-02-06 00:22:07 - [INFO] : test-mail-2@gmail.com - lemon-squeeze
2022-02-06 00:22:07 - [INFO] : test-mail-3@gmail.com - naruto-tobacco
2022-02-06 00:22:07 - [INFO] : {'fullname': 'First User', 'id': '49c1660e44304562ad097e9a27e55ea7', 'username': '49c1660e44304562ad097e9a27e55ea7', 'salt': '$2a$10$B4n.WXSFFRBXoqNunvHt/e', 'hashed': '$2a$10$B4n.WXSFFRBXoqNunvHt/e3Wp5u1yT2SdSK8Nys/luyQ.NHaqcT/y', 'name': 'First User', 'pricing': '4908de24092045f1a9e6ed29807c3eeb', 'email': 'test-mail-1@gmail.com', 'password': 'easy-peasy'}
2022-02-06 00:22:07 - [INFO] : test-mail-1@gmail.com
2022-02-06 00:22:07 - [INFO] : easy-peasy
2022-02-06 00:22:07 - [INFO] : {'fullname': 'Second User', 'id': 'fb127a5632be405a916e4acbf12da2f4', 'username': 'fb127a5632be405a916e4acbf12da2f4', 'salt': '$2a$10$1J8YMn1y6/jSRBjeNitWe.', 'hashed': '$2a$10$1J8YMn1y6/jSRBjeNitWe.64p3dUeOT9dzy/8oxmVn9FwFj42kDX2', 'name': 'Second User', 'pricing': '4908de24092045f1a9e6ed29807c3eeb', 'email': 'test-mail-2@gmail.com', 'password': 'lemon-squeeze'}
2022-02-06 00:22:07 - [INFO] : test-mail-2@gmail.com
2022-02-06 00:22:07 - [INFO] : lemon-squeeze
2022-02-06 00:22:07 - [INFO] : {'fullname': 'Third User', 'id': '72798d14ba4d4a2981b23d08e243537d', 'username': '72798d14ba4d4a2981b23d08e243537d', 'salt': '$2a$10$YmY1JQNeop7ibJyDDFap6u', 'hashed': '$2a$10$YmY1JQNeop7ibJyDDFap6ufUuDBypfM5UnFfJ3lX1AKzwgHxnzHGm', 'name': 'Third User', 'pricing': '4908de24092045f1a9e6ed29807c3eeb', 'email': 'test-mail-3@gmail.com', 'password': 'naruto-tobacco'}
2022-02-06 00:22:07 - [INFO] : test-mail-3@gmail.com
2022-02-06 00:22:07 - [INFO] : naruto-tobacco
2022-02-06 00:22:08 - [INFO] : test-mail-1@gmail.com - easy-peasy
2022-02-06 00:22:08 - [INFO] : test-mail-2@gmail.com - lemon-squeeze
2022-02-06 00:22:08 - [INFO] : test-mail-3@gmail.com - naruto-tobacco
2022-02-06 00:23:57 - [INFO] : test-mail-1@gmail.com - easy-peasy
2022-02-06 00:23:57 - [INFO] : test-mail-2@gmail.com - lemon-squeeze
2022-02-06 00:23:57 - [INFO] : test-mail-3@gmail.com - naruto-tobacco
2022-02-06 00:23:58 - [INFO] : test-mail-1@gmail.com - easy-peasy
2022-02-06 00:23:58 - [INFO] : test-mail-2@gmail.com - lemon-squeeze
2022-02-06 00:23:58 - [INFO] : test-mail-3@gmail.com - naruto-tobacco
2022-02-06 00:23:58 - [INFO] : {'fullname': 'First User', 'id': '97b230131390426bbe5ca028497300de', 'username': '97b230131390426bbe5ca028497300de', 'salt': '$2a$10$A0EED63PenozX5dluWF3c.', 'hashed': '$2a$10$A0EED63PenozX5dluWF3c.LvRy3sYdjSMF4SBH3vANEUCwcHKaZ7W', 'name': 'First User', 'pricing': '4af6d43b992f42389f8a53356c9e9e81', 'email': 'test-mail-1@gmail.com', 'password': 'easy-peasy'}
2022-02-06 00:23:58 - [INFO] : {'fullname': 'Second User', 'id': 'c251d4a2241b40abaa5bfaa7494a677d', 'username': 'c251d4a2241b40abaa5bfaa7494a677d', 'salt': '$2a$10$H3jqbwly/lSeb8sxUorGt.', 'hashed': '$2a$10$H3jqbwly/lSeb8sxUorGt.lDb8W9miLDVyCA3HMZkLaMGPq6zMOH.', 'name': 'Second User', 'pricing': '4af6d43b992f42389f8a53356c9e9e81', 'email': 'test-mail-2@gmail.com', 'password': 'lemon-squeeze'}
2022-02-06 00:23:58 - [INFO] : {'fullname': 'Third User', 'id': 'ae67e5161cc34a7fb7b310ccd3a75a2a', 'username': 'ae67e5161cc34a7fb7b310ccd3a75a2a', 'salt': '$2a$10$teZvPQK7MP0A1ku4hxS77e', 'hashed': '$2a$10$teZvPQK7MP0A1ku4hxS77ePHDpAkhHoQmhru2ZltNM7VK.HIARe/C', 'name': 'Third User', 'pricing': '4af6d43b992f42389f8a53356c9e9e81', 'email': 'test-mail-3@gmail.com', 'password': 'naruto-tobacco'}
2022-02-06 00:23:58 - [INFO] : {'email': 'test-mail-4@gmail.com', 'password': 'easy-peasy', 'fullname': 'Fifth User'}
2022-02-06 00:23:58 - [INFO] : test-mail-1@gmail.com - easy-peasy
2022-02-06 00:23:58 - [INFO] : test-mail-2@gmail.com - lemon-squeeze
2022-02-06 00:23:58 - [INFO] : test-mail-3@gmail.com - naruto-tobacco
2022-02-06 00:23:58 - [INFO] : {'fullname': 'First User', 'id': 'b3c52e809dea41a390cb6dcd1cf5b951', 'username': 'b3c52e809dea41a390cb6dcd1cf5b951', 'salt': '$2a$10$/M66opqkar55Jg61hD0sre', 'hashed': '$2a$10$/M66opqkar55Jg61hD0sreAwOMvl8R.V4I1/iGfmnK3PZ0x9gb3G.', 'name': 'First User', 'pricing': '4af6d43b992f42389f8a53356c9e9e81', 'email': 'test-mail-1@gmail.com', 'password': 'easy-peasy'}
2022-02-06 00:23:58 - [INFO] : test-mail-1@gmail.com
2022-02-06 00:23:58 - [INFO] : easy-peasy
2022-02-06 00:23:58 - [INFO] : {'fullname': 'Second User', 'id': '669bc467db0e4ccd9f2c33276bb71152', 'username': '669bc467db0e4ccd9f2c33276bb71152', 'salt': '$2a$10$RZX.wT.ictkhS96s8qlwEe', 'hashed': '$2a$10$RZX.wT.ictkhS96s8qlwEef/VQpzltRqccpiMqZzV.L2uDO.gwiuG', 'name': 'Second User', 'pricing': '4af6d43b992f42389f8a53356c9e9e81', 'email': 'test-mail-2@gmail.com', 'password': 'lemon-squeeze'}
2022-02-06 00:23:58 - [INFO] : test-mail-2@gmail.com
2022-02-06 00:23:58 - [INFO] : lemon-squeeze
2022-02-06 00:23:58 - [INFO] : {'fullname': 'Third User', 'id': '9d498922745d4f5983e8804363630753', 'username': '9d498922745d4f5983e8804363630753', 'salt': '$2a$10$T1D0ZmdmjaGKmBfH2S0.lu', 'hashed': '$2a$10$T1D0ZmdmjaGKmBfH2S0.lud3HN3.IbBS2Y.yETdL5k6FYgwKQH8TG', 'name': 'Third User', 'pricing': '4af6d43b992f42389f8a53356c9e9e81', 'email': 'test-mail-3@gmail.com', 'password': 'naruto-tobacco'}
2022-02-06 00:23:58 - [INFO] : test-mail-3@gmail.com
2022-02-06 00:23:58 - [INFO] : naruto-tobacco
2022-02-06 00:23:58 - [INFO] : test-mail-1@gmail.com - easy-peasy
2022-02-06 00:23:58 - [INFO] : test-mail-2@gmail.com - lemon-squeeze
2022-02-06 00:23:59 - [INFO] : test-mail-3@gmail.com - naruto-tobacco
2022-02-06 00:24:45 - [INFO] : test-mail-1@gmail.com - easy-peasy
2022-02-06 00:24:45 - [INFO] : test-mail-2@gmail.com - lemon-squeeze
2022-02-06 00:24:45 - [INFO] : test-mail-3@gmail.com - naruto-tobacco
2022-02-06 00:24:45 - [INFO] : test-mail-1@gmail.com - easy-peasy
2022-02-06 00:24:45 - [INFO] : test-mail-2@gmail.com - lemon-squeeze
2022-02-06 00:24:45 - [INFO] : test-mail-3@gmail.com - naruto-tobacco
2022-02-06 00:24:45 - [INFO] : {'fullname': 'First User', 'id': '73a9f329f1b64c61b008712379bbf662', 'username': '73a9f329f1b64c61b008712379bbf662', 'salt': '$2a$10$3C7PvnmGtOTJt4rsTs3gre', 'hashed': '$2a$10$3C7PvnmGtOTJt4rsTs3greJEr1RtrEa/n/LWJIGTMtB8NxgORH.WK', 'name': 'First User', 'pricing': 'b121179a419649cfa5bda583027319ee', 'email': 'test-mail-1@gmail.com', 'password': 'easy-peasy'}
2022-02-06 00:24:45 - [INFO] : {'fullname': 'Second User', 'id': 'e8177d16ae894da993339fbf5a5ea78e', 'username': 'e8177d16ae894da993339fbf5a5ea78e', 'salt': '$2a$10$5gB0FjSrCZ5AT6ZrW.rODu', 'hashed': '$2a$10$5gB0FjSrCZ5AT6ZrW.rODu/j25iMHJuHD.PUaswtW.hIlD3mh5FLa', 'name': 'Second User', 'pricing': 'b121179a419649cfa5bda583027319ee', 'email': 'test-mail-2@gmail.com', 'password': 'lemon-squeeze'}
2022-02-06 00:24:45 - [INFO] : {'fullname': 'Third User', 'id': '18ffef9a6b714ff089d5d42d699191d2', 'username': '18ffef9a6b714ff089d5d42d699191d2', 'salt': '$2a$10$73FKAakyVCgfjSmGO63EK.', 'hashed': '$2a$10$73FKAakyVCgfjSmGO63EK.0yoZHV9quHRVvkgaKtyTRrX6q1sbMPq', 'name': 'Third User', 'pricing': 'b121179a419649cfa5bda583027319ee', 'email': 'test-mail-3@gmail.com', 'password': 'naruto-tobacco'}
2022-02-06 00:24:45 - [INFO] : {'email': 'test-mail-4@gmail.com', 'password': 'easy-peasy', 'fullname': 'Fifth User'}
2022-02-06 00:24:46 - [INFO] : test-mail-1@gmail.com - easy-peasy
2022-02-06 00:24:46 - [INFO] : test-mail-2@gmail.com - lemon-squeeze
2022-02-06 00:24:46 - [INFO] : test-mail-3@gmail.com - naruto-tobacco
2022-02-06 00:24:46 - [INFO] : {'fullname': 'First User', 'id': 'e1b4a8107b594cff835fde7fa1ec3e0d', 'username': 'e1b4a8107b594cff835fde7fa1ec3e0d', 'salt': '$2a$10$dkZRBdOb6vMKLpKrWVJDhu', 'hashed': '$2a$10$dkZRBdOb6vMKLpKrWVJDhuugq9/VrzNz4FKLNMC7rhiUHu0o5zY7y', 'name': 'First User', 'pricing': 'b121179a419649cfa5bda583027319ee', 'email': 'test-mail-1@gmail.com', 'password': 'easy-peasy'}
2022-02-06 00:24:46 - [INFO] : test-mail-1@gmail.com
2022-02-06 00:24:46 - [INFO] : easy-peasy
2022-02-06 00:24:46 - [INFO] : {'fullname': 'Second User', 'id': '574c71a08a6c4d89af83b7da4e4f8341', 'username': '574c71a08a6c4d89af83b7da4e4f8341', 'salt': '$2a$10$TvOkq.d4QbXiVQTjDPRTCe', 'hashed': '$2a$10$TvOkq.d4QbXiVQTjDPRTCeBIsgjTuNsUjlGORyzSFq9w9WtEdz60.', 'name': 'Second User', 'pricing': 'b121179a419649cfa5bda583027319ee', 'email': 'test-mail-2@gmail.com', 'password': 'lemon-squeeze'}
2022-02-06 00:24:46 - [INFO] : test-mail-2@gmail.com
2022-02-06 00:24:46 - [INFO] : lemon-squeeze
2022-02-06 00:24:46 - [INFO] : {'fullname': 'Third User', 'id': 'e6c94dabc1a745ebab038a6bd72d14ee', 'username': 'e6c94dabc1a745ebab038a6bd72d14ee', 'salt': '$2a$10$WcZc6kpyT2RL0v9.GpgUwe', 'hashed': '$2a$10$WcZc6kpyT2RL0v9.GpgUwe6Sdx/oLF4HD3vOKvzD4bcLqG6TupM8m', 'name': 'Third User', 'pricing': 'b121179a419649cfa5bda583027319ee', 'email': 'test-mail-3@gmail.com', 'password': 'naruto-tobacco'}
2022-02-06 00:24:46 - [INFO] : test-mail-3@gmail.com
2022-02-06 00:24:46 - [INFO] : naruto-tobacco
2022-02-06 00:24:46 - [INFO] : test-mail-1@gmail.com - easy-peasy
2022-02-06 00:24:46 - [INFO] : test-mail-2@gmail.com - lemon-squeeze
2022-02-06 00:24:46 - [INFO] : test-mail-3@gmail.com - naruto-tobacco
2022-02-06 00:25:28 - [INFO] : test-mail-1@gmail.com - easy-peasy
2022-02-06 00:25:28 - [INFO] : test-mail-2@gmail.com - lemon-squeeze
2022-02-06 00:25:28 - [INFO] : test-mail-3@gmail.com - naruto-tobacco
2022-02-06 00:25:28 - [INFO] : ['1d1b7f5438bb4bde9ace135a96825e5f', '41259062b31047559d6d5cea65cf7cca', '6503004cb48948589287fa98fe5cef84', 'e083dc6f8dd84e7bbc37975ea18ad90d']
2022-02-06 00:25:28 - [INFO] : ['1d1b7f5438bb4bde9ace135a96825e5f', '41259062b31047559d6d5cea65cf7cca', '6503004cb48948589287fa98fe5cef84', 'e083dc6f8dd84e7bbc37975ea18ad90d']
2022-02-06 00:25:28 - [INFO] : test-mail-1@gmail.com - easy-peasy
2022-02-06 00:25:28 - [INFO] : test-mail-2@gmail.com - lemon-squeeze
2022-02-06 00:25:28 - [INFO] : test-mail-3@gmail.com - naruto-tobacco
2022-02-06 00:25:28 - [INFO] : {'fullname': 'First User', 'id': '7d7d68db23014434a5eedaad44b0efe2', 'username': '7d7d68db23014434a5eedaad44b0efe2', 'salt': '$2a$10$YMuJUmco14HjZkkw1pRiiO', 'hashed': '$2a$10$YMuJUmco14HjZkkw1pRiiOz3vJdLvAv/dKNmX3KqM4oLw7B1GC7Km', 'name': 'First User', 'pricing': 'e083dc6f8dd84e7bbc37975ea18ad90d', 'email': 'test-mail-1@gmail.com', 'password': 'easy-peasy'}
2022-02-06 00:25:28 - [INFO] : {'fullname': 'Second User', 'id': '2e7e7c1f2cf74b7f85703e4981ea0782', 'username': '2e7e7c1f2cf74b7f85703e4981ea0782', 'salt': '$2a$10$t4YtcDZy10S00nd2QRZFQe', 'hashed': '$2a$10$t4YtcDZy10S00nd2QRZFQe9ADGWy2eblZsCcB..OhUvQSsmwb6V7u', 'name': 'Second User', 'pricing': 'e083dc6f8dd84e7bbc37975ea18ad90d', 'email': 'test-mail-2@gmail.com', 'password': 'lemon-squeeze'}
2022-02-06 00:25:28 - [INFO] : {'fullname': 'Third User', 'id': '2647c99857434c97aa089e961f33a623', 'username': '2647c99857434c97aa089e961f33a623', 'salt': '$2a$10$gd24s.UeloEn4vl9UI6JoO', 'hashed': '$2a$10$gd24s.UeloEn4vl9UI6JoOqAOtk5pFxcrSbvqnt.kdo44KCQwtZo.', 'name': 'Third User', 'pricing': 'e083dc6f8dd84e7bbc37975ea18ad90d', 'email': 'test-mail-3@gmail.com', 'password': 'naruto-tobacco'}
2022-02-06 00:25:28 - [INFO] : {'email': 'test-mail-4@gmail.com', 'password': 'easy-peasy', 'fullname': 'Fifth User'}
2022-02-06 00:25:28 - [INFO] : test-mail-1@gmail.com - easy-peasy
2022-02-06 00:25:28 - [INFO] : test-mail-2@gmail.com - lemon-squeeze
2022-02-06 00:25:29 - [INFO] : test-mail-3@gmail.com - naruto-tobacco
2022-02-06 00:25:29 - [INFO] : {'fullname': 'First User', 'id': '05a22d47ccb94f388f66ddd094995c2a', 'username': '05a22d47ccb94f388f66ddd094995c2a', 'salt': '$2a$10$.5EeLo7PZ2c49/xhFoX3VO', 'hashed': '$2a$10$.5EeLo7PZ2c49/xhFoX3VO01W6py7ns4l29jwDtbP4mLtPS5jUo/e', 'name': 'First User', 'pricing': 'e083dc6f8dd84e7bbc37975ea18ad90d', 'email': 'test-mail-1@gmail.com', 'password': 'easy-peasy'}
2022-02-06 00:25:29 - [INFO] : test-mail-1@gmail.com
2022-02-06 00:25:29 - [INFO] : easy-peasy
2022-02-06 00:25:29 - [INFO] : {'fullname': 'Second User', 'id': '01e4a5ec0dea4caaacbdf4cf6adf288e', 'username': '01e4a5ec0dea4caaacbdf4cf6adf288e', 'salt': '$2a$10$21Sw2YGpGf8T0hyLTs7eD.', 'hashed': '$2a$10$21Sw2YGpGf8T0hyLTs7eD.61tDvZ7726pcon6zkN8JZTAqe8.Df7W', 'name': 'Second User', 'pricing': 'e083dc6f8dd84e7bbc37975ea18ad90d', 'email': 'test-mail-2@gmail.com', 'password': 'lemon-squeeze'}
2022-02-06 00:25:29 - [INFO] : test-mail-2@gmail.com
2022-02-06 00:25:29 - [INFO] : lemon-squeeze
2022-02-06 00:25:29 - [INFO] : {'fullname': 'Third User', 'id': '4b87f3bf21e14ff5a011451b8a8f7dfb', 'username': '4b87f3bf21e14ff5a011451b8a8f7dfb', 'salt': '$2a$10$JHbWg6IjMOujujyVqhnRN.', 'hashed': '$2a$10$JHbWg6IjMOujujyVqhnRN.3dNGuZch.1ab9SnKrIDC7kLZRKimr5m', 'name': 'Third User', 'pricing': 'e083dc6f8dd84e7bbc37975ea18ad90d', 'email': 'test-mail-3@gmail.com', 'password': 'naruto-tobacco'}
2022-02-06 00:25:29 - [INFO] : test-mail-3@gmail.com
2022-02-06 00:25:29 - [INFO] : naruto-tobacco
2022-02-06 00:25:29 - [INFO] : test-mail-1@gmail.com - easy-peasy
2022-02-06 00:25:29 - [INFO] : test-mail-2@gmail.com - lemon-squeeze
2022-02-06 00:25:29 - [INFO] : test-mail-3@gmail.com - naruto-tobacco
2022-02-06 00:26:43 - [INFO] : test-mail-1@gmail.com - easy-peasy
2022-02-06 00:26:43 - [INFO] : test-mail-2@gmail.com - lemon-squeeze
2022-02-06 00:26:43 - [INFO] : test-mail-3@gmail.com - naruto-tobacco
2022-02-06 00:26:43 - [INFO] : ['2366dc9bc16341a8a80309bd5f594eb3', '665c8169bc8646a2bbd79391b2be90ce', '8b94353147164e179a666822497bea3e', 'c04417ac6a1f4ce49575a448413a9706']
2022-02-06 00:26:43 - [INFO] : ['2366dc9bc16341a8a80309bd5f594eb3', '665c8169bc8646a2bbd79391b2be90ce', '8b94353147164e179a666822497bea3e', 'c04417ac6a1f4ce49575a448413a9706']
2022-02-06 00:26:43 - [INFO] : False
2022-02-06 00:26:43 - [INFO] : test-mail-1@gmail.com - easy-peasy
2022-02-06 00:26:43 - [INFO] : test-mail-2@gmail.com - lemon-squeeze
2022-02-06 00:26:43 - [INFO] : test-mail-3@gmail.com - naruto-tobacco
2022-02-06 00:26:43 - [INFO] : {'fullname': 'First User', 'id': '42afc09ea3f34f59b16169cc54bf152b', 'username': '42afc09ea3f34f59b16169cc54bf152b', 'salt': '$2a$10$bbAU3jyGS26C1jcttjqFV.', 'hashed': '$2a$10$bbAU3jyGS26C1jcttjqFV.Ic3R7BnizbT353iBWqdyeebgECSOp6S', 'name': 'First User', 'pricing': '2366dc9bc16341a8a80309bd5f594eb3', 'email': 'test-mail-1@gmail.com', 'password': 'easy-peasy'}
2022-02-06 00:26:43 - [INFO] : {'fullname': 'Second User', 'id': 'b39675b2d0774563a9dafdfcc07ad26b', 'username': 'b39675b2d0774563a9dafdfcc07ad26b', 'salt': '$2a$10$8wOUI/noWoNQh0fwQHEFjO', 'hashed': '$2a$10$8wOUI/noWoNQh0fwQHEFjOUCKQNbrKlNWlUD8d5i8f0x439WmuzKW', 'name': 'Second User', 'pricing': '2366dc9bc16341a8a80309bd5f594eb3', 'email': 'test-mail-2@gmail.com', 'password': 'lemon-squeeze'}
2022-02-06 00:26:44 - [INFO] : {'fullname': 'Third User', 'id': 'f77e403f7b7946f6968167779b8467b7', 'username': 'f77e403f7b7946f6968167779b8467b7', 'salt': '$2a$10$Tql8dv4fMShc2AHcsgZQAe', 'hashed': '$2a$10$Tql8dv4fMShc2AHcsgZQAeYvGiFvPbVhLJK/xsEF75TdpaVetoILu', 'name': 'Third User', 'pricing': '2366dc9bc16341a8a80309bd5f594eb3', 'email': 'test-mail-3@gmail.com', 'password': 'naruto-tobacco'}
2022-02-06 00:26:44 - [INFO] : {'email': 'test-mail-4@gmail.com', 'password': 'easy-peasy', 'fullname': 'Fifth User'}
2022-02-06 00:26:44 - [INFO] : test-mail-1@gmail.com - easy-peasy
2022-02-06 00:26:44 - [INFO] : test-mail-2@gmail.com - lemon-squeeze
2022-02-06 00:26:44 - [INFO] : test-mail-3@gmail.com - naruto-tobacco
2022-02-06 00:26:44 - [INFO] : {'fullname': 'First User', 'id': '29760ef4e40d4915ba2f42ea2b6de645', 'username': '29760ef4e40d4915ba2f42ea2b6de645', 'salt': '$2a$10$/pbVRc4KHDM3eybcUu9yGO', 'hashed': '$2a$10$/pbVRc4KHDM3eybcUu9yGOz9s9l5XNQegCfWZJt.M4BC1WdXICtCK', 'name': 'First User', 'pricing': '2366dc9bc16341a8a80309bd5f594eb3', 'email': 'test-mail-1@gmail.com', 'password': 'easy-peasy'}
2022-02-06 00:26:44 - [INFO] : test-mail-1@gmail.com
2022-02-06 00:26:44 - [INFO] : easy-peasy
2022-02-06 00:26:44 - [INFO] : {'fullname': 'Second User', 'id': '97524aa4578d4e03b82285c4e98e3636', 'username': '97524aa4578d4e03b82285c4e98e3636', 'salt': '$2a$10$TcQfNJTFVKP9o7xiRUdDhO', 'hashed': '$2a$10$TcQfNJTFVKP9o7xiRUdDhOu9YiQtkjB150aljaPh.FUbyEaHvYwZa', 'name': 'Second User', 'pricing': '2366dc9bc16341a8a80309bd5f594eb3', 'email': 'test-mail-2@gmail.com', 'password': 'lemon-squeeze'}
2022-02-06 00:26:44 - [INFO] : test-mail-2@gmail.com
2022-02-06 00:26:44 - [INFO] : lemon-squeeze
2022-02-06 00:26:44 - [INFO] : {'fullname': 'Third User', 'id': '2463cf6e392a435599473cad5bfb674d', 'username': '2463cf6e392a435599473cad5bfb674d', 'salt': '$2a$10$WpkijhU6wiZuvkAgr9UGo.', 'hashed': '$2a$10$WpkijhU6wiZuvkAgr9UGo.2RsHgRqCLSGX4E5M.UIKk4C7AC7Gulu', 'name': 'Third User', 'pricing': '2366dc9bc16341a8a80309bd5f594eb3', 'email': 'test-mail-3@gmail.com', 'password': 'naruto-tobacco'}
2022-02-06 00:26:44 - [INFO] : test-mail-3@gmail.com
2022-02-06 00:26:44 - [INFO] : naruto-tobacco
2022-02-06 00:26:44 - [INFO] : test-mail-1@gmail.com - easy-peasy
2022-02-06 00:26:44 - [INFO] : test-mail-2@gmail.com - lemon-squeeze
2022-02-06 00:26:44 - [INFO] : test-mail-3@gmail.com - naruto-tobacco
2022-02-06 00:27:21 - [INFO] : test-mail-1@gmail.com - easy-peasy
2022-02-06 00:27:21 - [INFO] : test-mail-2@gmail.com - lemon-squeeze
2022-02-06 00:27:21 - [INFO] : test-mail-3@gmail.com - naruto-tobacco
2022-02-06 00:27:21 - [INFO] : test-mail-1@gmail.com - easy-peasy
2022-02-06 00:27:21 - [INFO] : test-mail-2@gmail.com - lemon-squeeze
2022-02-06 00:27:21 - [INFO] : test-mail-3@gmail.com - naruto-tobacco
2022-02-06 00:27:21 - [INFO] : {'fullname': 'First User', 'id': '7a951f82e79e4c639a6874adbc5e219d', 'username': '7a951f82e79e4c639a6874adbc5e219d', 'salt': '$2a$10$GNw626uM.VQWK7yr0qYOLO', 'hashed': '$2a$10$GNw626uM.VQWK7yr0qYOLOiUVSzCa5wvW1h9DUIO4k2oN04dmAMZS', 'name': 'First User', 'pricing': '1a8889110e724bd79b83e531aacf677c', 'email': 'test-mail-1@gmail.com', 'password': 'easy-peasy'}
2022-02-06 00:27:21 - [INFO] : {'fullname': 'Second User', 'id': '1f4ee5f7f54e4a6790dd5733f36de777', 'username': '1f4ee5f7f54e4a6790dd5733f36de777', 'salt': '$2a$10$QQ1wivDqfkZ.2XQXVRBe.e', 'hashed': '$2a$10$QQ1wivDqfkZ.2XQXVRBe.euYT.Zz/Y745TYI2ohLqao/ytawgt6nC', 'name': 'Second User', 'pricing': '1a8889110e724bd79b83e531aacf677c', 'email': 'test-mail-2@gmail.com', 'password': 'lemon-squeeze'}
2022-02-06 00:27:21 - [INFO] : {'fullname': 'Third User', 'id': '53da8b529300449d873c06b8487ebf0a', 'username': '53da8b529300449d873c06b8487ebf0a', 'salt': '$2a$10$Uw8F0LfjGbJwu.dUD9Cwx.', 'hashed': '$2a$10$Uw8F0LfjGbJwu.dUD9Cwx.ygteiYtkJCY6gUh2m1YKpJMTqxYeyoK', 'name': 'Third User', 'pricing': '1a8889110e724bd79b83e531aacf677c', 'email': 'test-mail-3@gmail.com', 'password': 'naruto-tobacco'}
2022-02-06 00:27:21 - [INFO] : {'email': 'test-mail-4@gmail.com', 'password': 'easy-peasy', 'fullname': 'Fifth User'}
2022-02-06 00:27:21 - [INFO] : test-mail-1@gmail.com - easy-peasy
2022-02-06 00:27:22 - [INFO] : test-mail-2@gmail.com - lemon-squeeze
2022-02-06 00:27:22 - [INFO] : test-mail-3@gmail.com - naruto-tobacco
2022-02-06 00:27:22 - [INFO] : {'fullname': 'First User', 'id': '625746d06b234f93805ac314d7ee3f69', 'username': '625746d06b234f93805ac314d7ee3f69', 'salt': '$2a$10$exA6P8TMMBBp0iJrW/Lx8e', 'hashed': '$2a$10$exA6P8TMMBBp0iJrW/Lx8eHKdnn1e2wHXXtpCzqbVOdG0mMDu4yCe', 'name': 'First User', 'pricing': '1a8889110e724bd79b83e531aacf677c', 'email': 'test-mail-1@gmail.com', 'password': 'easy-peasy'}
2022-02-06 00:27:22 - [INFO] : test-mail-1@gmail.com
2022-02-06 00:27:22 - [INFO] : easy-peasy
2022-02-06 00:27:22 - [INFO] : {'fullname': 'Second User', 'id': 'f7c35026f6c64492a57e591bcd6e197a', 'username': 'f7c35026f6c64492a57e591bcd6e197a', 'salt': '$2a$10$WUBxhVXyLZBOgUtTpBDtz.', 'hashed': '$2a$10$WUBxhVXyLZBOgUtTpBDtz.h2yWHBOlei9jDB5JEdR/7RUeuvA6yUq', 'name': 'Second User', 'pricing': '1a8889110e724bd79b83e531aacf677c', 'email': 'test-mail-2@gmail.com', 'password': 'lemon-squeeze'}
2022-02-06 00:27:22 - [INFO] : test-mail-2@gmail.com
2022-02-06 00:27:22 - [INFO] : lemon-squeeze
2022-02-06 00:27:22 - [INFO] : {'fullname': 'Third User', 'id': 'e94418ad4dfc412b81ba8e333df186db', 'username': 'e94418ad4dfc412b81ba8e333df186db', 'salt': '$2a$10$L9fWqgyu4cWTLprieyzeju', 'hashed': '$2a$10$L9fWqgyu4cWTLprieyzejuaYBC/CmIK9c8qb5h.S4O.AHd6y6.icK', 'name': 'Third User', 'pricing': '1a8889110e724bd79b83e531aacf677c', 'email': 'test-mail-3@gmail.com', 'password': 'naruto-tobacco'}
2022-02-06 00:27:22 - [INFO] : test-mail-3@gmail.com
2022-02-06 00:27:22 - [INFO] : naruto-tobacco
2022-02-06 00:27:22 - [INFO] : test-mail-1@gmail.com - easy-peasy
2022-02-06 00:27:22 - [INFO] : test-mail-2@gmail.com - lemon-squeeze
2022-02-06 00:27:22 - [INFO] : test-mail-3@gmail.com - naruto-tobacco
