{"level":"info","datetime":"2021-04-04T13:35:17.777Z","logger":"Postgres","caller":"logs/log.go:39","msg":"Connection Postgres successful","type":"process","error":null}
{"level":"info","datetime":"2021-04-04T13:35:17.797Z","logger":"Postgres.Postgres","caller":"logs/log.go:39","msg":"Connection Postgres successful","type":"process","error":null}
{"level":"info","datetime":"2021-04-04T13:35:17.812Z","logger":"Postgres.Postgres.Postgres","caller":"logs/log.go:39","msg":"Connection Postgres successful","type":"process","error":null}
{"level":"info","datetime":"2021-04-04T13:48:44.442Z","logger":"Postgres","caller":"logs/log.go:39","msg":"Connection Postgres successful","type":"process","error":null}
{"level":"info","datetime":"2021-04-04T13:48:44.454Z","logger":"Postgres.Postgres","caller":"logs/log.go:39","msg":"Connection Postgres successful","type":"process","error":null}
{"level":"info","datetime":"2021-04-04T13:48:44.463Z","logger":"Postgres.Postgres.Postgres","caller":"logs/log.go:39","msg":"Connection Postgres successful","type":"process","error":null}
{"level":"info","datetime":"2021-04-04T13:48:44.473Z","logger":"Postgres.Postgres.Postgres.Postgres","caller":"logs/log.go:39","msg":"Connection Postgres successful","type":"process","error":null}
{"level":"info","datetime":"2021-04-04T13:48:44.492Z","logger":"Postgres.Postgres.Postgres.Postgres.Postgres","caller":"logs/log.go:39","msg":"Connection Postgres successful","type":"process","error":null}
{"level":"info","datetime":"2021-04-04T13:48:44.494Z","logger":"Postgres.Postgres.Postgres.Postgres.Postgres","caller":"logs/log.go:39","msg":"Invalid User","type":"process","error":"sql: no rows in result set"}
{"level":"info","datetime":"2021-04-04T13:49:16.233Z","logger":"Postgres","caller":"logs/log.go:39","msg":"Connection Postgres successful","type":"process","error":null}
{"level":"info","datetime":"2021-04-04T13:49:16.246Z","logger":"Postgres.Postgres","caller":"logs/log.go:39","msg":"Connection Postgres successful","type":"process","error":null}
{"level":"info","datetime":"2021-04-04T13:49:16.259Z","logger":"Postgres.Postgres.Postgres","caller":"logs/log.go:39","msg":"Connection Postgres successful","type":"process","error":null}
{"level":"info","datetime":"2021-04-04T13:49:16.273Z","logger":"Postgres.Postgres.Postgres.Postgres","caller":"logs/log.go:39","msg":"Connection Postgres successful","type":"process","error":null}
{"level":"info","datetime":"2021-04-04T13:49:16.287Z","logger":"Postgres.Postgres.Postgres.Postgres.Postgres","caller":"logs/log.go:39","msg":"Connection Postgres successful","type":"process","error":null}
{"level":"info","datetime":"2021-04-04T13:49:16.289Z","logger":"Postgres.Postgres.Postgres.Postgres.Postgres","caller":"logs/log.go:39","msg":"Invalid User","type":"process","error":"sql: no rows in result set"}
{"level":"info","datetime":"2021-04-04T14:00:53.777Z","logger":"Postgres","caller":"logs/log.go:39","msg":"Connection Postgres successful","type":"process","error":null}
{"level":"info","datetime":"2021-04-04T14:00:53.792Z","logger":"Postgres.Postgres","caller":"logs/log.go:39","msg":"Connection Postgres successful","type":"process","error":null}
{"level":"info","datetime":"2021-04-04T14:00:53.807Z","logger":"Postgres.Postgres.Postgres","caller":"logs/log.go:39","msg":"Connection Postgres successful","type":"process","error":null}
{"level":"info","datetime":"2021-04-04T14:00:53.818Z","logger":"Postgres.Postgres.Postgres.Postgres","caller":"logs/log.go:39","msg":"Connection Postgres successful","type":"process","error":null}
{"level":"info","datetime":"2021-04-04T14:00:53.835Z","logger":"Postgres.Postgres.Postgres.Postgres.Postgres","caller":"logs/log.go:39","msg":"Connection Postgres successful","type":"process","error":null}
{"level":"info","datetime":"2021-04-04T14:00:53.837Z","logger":"Postgres.Postgres.Postgres.Postgres.Postgres","caller":"logs/log.go:39","msg":"Invalid User","type":"process","error":"sql: no rows in result set"}
{"level":"info","datetime":"2021-04-04T14:00:53.851Z","logger":"Postgres.Postgres.Postgres.Postgres.Postgres.Postgres","caller":"logs/log.go:39","msg":"Connection Postgres successful","type":"process","error":null}
{"level":"info","datetime":"2021-04-04T14:00:53.878Z","logger":"Postgres.Postgres.Postgres.Postgres.Postgres.Postgres.Postgres","caller":"logs/log.go:39","msg":"Connection Postgres successful","type":"process","error":null}
{"level":"info","datetime":"2021-04-04T14:00:53.897Z","logger":"Postgres.Postgres.Postgres.Postgres.Postgres.Postgres.Postgres.Postgres","caller":"logs/log.go:39","msg":"Connection Postgres successful","type":"process","error":null}
{"level":"info","datetime":"2021-04-04T14:04:18.627Z","logger":"Postgres","caller":"logs/log.go:39","msg":"Connection Postgres successful","type":"process","error":null}
{"level":"info","datetime":"2021-04-04T14:04:18.639Z","logger":"Postgres.Postgres","caller":"logs/log.go:39","msg":"Connection Postgres successful","type":"process","error":null}
{"level":"info","datetime":"2021-04-04T14:04:18.650Z","logger":"Postgres.Postgres.Postgres","caller":"logs/log.go:39","msg":"Connection Postgres successful","type":"process","error":null}
{"level":"info","datetime":"2021-04-04T14:04:18.661Z","logger":"Postgres.Postgres.Postgres.Postgres","caller":"logs/log.go:39","msg":"Connection Postgres successful","type":"process","error":null}
{"level":"info","datetime":"2021-04-04T14:04:18.687Z","logger":"Postgres.Postgres.Postgres.Postgres.Postgres","caller":"logs/log.go:39","msg":"Connection Postgres successful","type":"process","error":null}
{"level":"info","datetime":"2021-04-04T14:04:18.689Z","logger":"Postgres.Postgres.Postgres.Postgres.Postgres","caller":"logs/log.go:39","msg":"Invalid User","type":"process","error":"sql: no rows in result set"}
{"level":"info","datetime":"2021-04-04T14:04:18.702Z","logger":"Postgres.Postgres.Postgres.Postgres.Postgres.Postgres","caller":"logs/log.go:39","msg":"Connection Postgres successful","type":"process","error":null}
{"level":"info","datetime":"2021-04-04T14:04:18.717Z","logger":"Postgres.Postgres.Postgres.Postgres.Postgres.Postgres.Postgres","caller":"logs/log.go:39","msg":"Connection Postgres successful","type":"process","error":null}
{"level":"info","datetime":"2021-04-04T14:04:18.730Z","logger":"Postgres.Postgres.Postgres.Postgres.Postgres.Postgres.Postgres.Postgres","caller":"logs/log.go:39","msg":"Connection Postgres successful","type":"process","error":null}
{"level":"info","datetime":"2021-04-04T14:07:40.112Z","logger":"Postgres","caller":"logs/log.go:39","msg":"Connection Postgres successful","type":"process","error":null}
{"level":"info","datetime":"2021-04-04T14:07:40.124Z","logger":"Postgres.Postgres","caller":"logs/log.go:39","msg":"Connection Postgres successful","type":"process","error":null}
{"level":"info","datetime":"2021-04-04T14:07:40.135Z","logger":"Postgres.Postgres.Postgres","caller":"logs/log.go:39","msg":"Connection Postgres successful","type":"process","error":null}
{"level":"info","datetime":"2021-04-04T14:07:40.148Z","logger":"Postgres.Postgres.Postgres.Postgres","caller":"logs/log.go:39","msg":"Connection Postgres successful","type":"process","error":null}
{"level":"info","datetime":"2021-04-04T14:07:40.163Z","logger":"Postgres.Postgres.Postgres.Postgres.Postgres","caller":"logs/log.go:39","msg":"Connection Postgres successful","type":"process","error":null}
{"level":"info","datetime":"2021-04-04T14:07:40.165Z","logger":"Postgres.Postgres.Postgres.Postgres.Postgres","caller":"logs/log.go:39","msg":"Invalid User","type":"process","error":"sql: no rows in result set"}
{"level":"info","datetime":"2021-04-04T14:07:40.179Z","logger":"Postgres.Postgres.Postgres.Postgres.Postgres.Postgres","caller":"logs/log.go:39","msg":"Connection Postgres successful","type":"process","error":null}
{"level":"info","datetime":"2021-04-04T14:07:40.201Z","logger":"Postgres.Postgres.Postgres.Postgres.Postgres.Postgres.Postgres","caller":"logs/log.go:39","msg":"Connection Postgres successful","type":"process","error":null}
{"level":"info","datetime":"2021-04-04T14:07:40.213Z","logger":"Postgres.Postgres.Postgres.Postgres.Postgres.Postgres.Postgres.Postgres","caller":"logs/log.go:39","msg":"Connection Postgres successful","type":"process","error":null}
{"level":"info","datetime":"2021-04-04T14:07:55.333Z","logger":"Postgres","caller":"logs/log.go:39","msg":"Connection Postgres successful","type":"process","error":null}
{"level":"info","datetime":"2021-04-04T14:07:55.345Z","logger":"Postgres.Postgres","caller":"logs/log.go:39","msg":"Connection Postgres successful","type":"process","error":null}
{"level":"info","datetime":"2021-04-04T14:07:55.356Z","logger":"Postgres.Postgres.Postgres","caller":"logs/log.go:39","msg":"Connection Postgres successful","type":"process","error":null}
{"level":"info","datetime":"2021-04-04T14:07:55.374Z","logger":"Postgres.Postgres.Postgres.Postgres","caller":"logs/log.go:39","msg":"Connection Postgres successful","type":"process","error":null}
{"level":"info","datetime":"2021-04-04T14:07:55.387Z","logger":"Postgres.Postgres.Postgres.Postgres.Postgres","caller":"logs/log.go:39","msg":"Connection Postgres successful","type":"process","error":null}
{"level":"info","datetime":"2021-04-04T14:07:55.392Z","logger":"Postgres.Postgres.Postgres.Postgres.Postgres","caller":"logs/log.go:39","msg":"Invalid User","type":"process","error":"sql: no rows in result set"}
{"level":"info","datetime":"2021-04-04T14:07:55.405Z","logger":"Postgres.Postgres.Postgres.Postgres.Postgres.Postgres","caller":"logs/log.go:39","msg":"Connection Postgres successful","type":"process","error":null}
{"level":"info","datetime":"2021-04-04T14:07:55.424Z","logger":"Postgres.Postgres.Postgres.Postgres.Postgres.Postgres.Postgres","caller":"logs/log.go:39","msg":"Connection Postgres successful","type":"process","error":null}
{"level":"info","datetime":"2021-04-04T14:07:55.435Z","logger":"Postgres.Postgres.Postgres.Postgres.Postgres.Postgres.Postgres.Postgres","caller":"logs/log.go:39","msg":"Connection Postgres successful","type":"process","error":null}
{"level":"info","datetime":"2021-04-04T14:08:01.074Z","logger":"Postgres","caller":"logs/log.go:39","msg":"Connection Postgres successful","type":"process","error":null}
{"level":"info","datetime":"2021-04-04T14:08:01.087Z","logger":"Postgres.Postgres","caller":"logs/log.go:39","msg":"Connection Postgres successful","type":"process","error":null}
{"level":"info","datetime":"2021-04-04T14:08:01.099Z","logger":"Postgres.Postgres.Postgres","caller":"logs/log.go:39","msg":"Connection Postgres successful","type":"process","error":null}
{"level":"info","datetime":"2021-04-04T14:08:01.113Z","logger":"Postgres.Postgres.Postgres.Postgres","caller":"logs/log.go:39","msg":"Connection Postgres successful","type":"process","error":null}
{"level":"info","datetime":"2021-04-04T14:08:01.126Z","logger":"Postgres.Postgres.Postgres.Postgres.Postgres","caller":"logs/log.go:39","msg":"Connection Postgres successful","type":"process","error":null}
{"level":"info","datetime":"2021-04-04T14:08:01.128Z","logger":"Postgres.Postgres.Postgres.Postgres.Postgres","caller":"logs/log.go:39","msg":"Invalid User","type":"process","error":"sql: no rows in result set"}
{"level":"info","datetime":"2021-04-04T14:08:01.141Z","logger":"Postgres.Postgres.Postgres.Postgres.Postgres.Postgres","caller":"logs/log.go:39","msg":"Connection Postgres successful","type":"process","error":null}
{"level":"info","datetime":"2021-04-04T14:08:01.158Z","logger":"Postgres.Postgres.Postgres.Postgres.Postgres.Postgres.Postgres","caller":"logs/log.go:39","msg":"Connection Postgres successful","type":"process","error":null}
{"level":"info","datetime":"2021-04-04T14:08:01.174Z","logger":"Postgres.Postgres.Postgres.Postgres.Postgres.Postgres.Postgres.Postgres","caller":"logs/log.go:39","msg":"Connection Postgres successful","type":"process","error":null}
{"level":"info","datetime":"2021-04-04T14:08:50.374Z","logger":"Postgres","caller":"logs/log.go:39","msg":"Connection Postgres successful","type":"process","error":null}
{"level":"info","datetime":"2021-04-04T14:08:50.388Z","logger":"Postgres.Postgres","caller":"logs/log.go:39","msg":"Connection Postgres successful","type":"process","error":null}
{"level":"info","datetime":"2021-04-04T14:08:50.399Z","logger":"Postgres.Postgres.Postgres","caller":"logs/log.go:39","msg":"Connection Postgres successful","type":"process","error":null}
{"level":"info","datetime":"2021-04-04T14:08:50.408Z","logger":"Postgres.Postgres.Postgres.Postgres","caller":"logs/log.go:39","msg":"Connection Postgres successful","type":"process","error":null}
{"level":"info","datetime":"2021-04-04T14:08:50.421Z","logger":"Postgres.Postgres.Postgres.Postgres.Postgres","caller":"logs/log.go:39","msg":"Connection Postgres successful","type":"process","error":null}
{"level":"info","datetime":"2021-04-04T14:08:50.424Z","logger":"Postgres.Postgres.Postgres.Postgres.Postgres","caller":"logs/log.go:39","msg":"Invalid User","type":"process","error":"sql: no rows in result set"}
{"level":"info","datetime":"2021-04-04T14:08:50.435Z","logger":"Postgres.Postgres.Postgres.Postgres.Postgres.Postgres","caller":"logs/log.go:39","msg":"Connection Postgres successful","type":"process","error":null}
{"level":"info","datetime":"2021-04-04T14:08:50.454Z","logger":"Postgres.Postgres.Postgres.Postgres.Postgres.Postgres.Postgres","caller":"logs/log.go:39","msg":"Connection Postgres successful","type":"process","error":null}
{"level":"info","datetime":"2021-04-04T14:08:50.467Z","logger":"Postgres.Postgres.Postgres.Postgres.Postgres.Postgres.Postgres.Postgres","caller":"logs/log.go:39","msg":"Connection Postgres successful","type":"process","error":null}
{"level":"info","datetime":"2021-04-04T14:09:29.557Z","logger":"Postgres","caller":"logs/log.go:39","msg":"Connection Postgres successful","type":"process","error":null}
{"level":"info","datetime":"2021-04-04T14:09:29.571Z","logger":"Postgres.Postgres","caller":"logs/log.go:39","msg":"Connection Postgres successful","type":"process","error":null}
{"level":"info","datetime":"2021-04-04T14:09:29.582Z","logger":"Postgres.Postgres.Postgres","caller":"logs/log.go:39","msg":"Connection Postgres successful","type":"process","error":null}
{"level":"info","datetime":"2021-04-04T14:09:29.596Z","logger":"Postgres.Postgres.Postgres.Postgres","caller":"logs/log.go:39","msg":"Connection Postgres successful","type":"process","error":null}
{"level":"info","datetime":"2021-04-04T14:09:29.612Z","logger":"Postgres.Postgres.Postgres.Postgres.Postgres","caller":"logs/log.go:39","msg":"Connection Postgres successful","type":"process","error":null}
{"level":"info","datetime":"2021-04-04T14:09:29.614Z","logger":"Postgres.Postgres.Postgres.Postgres.Postgres","caller":"logs/log.go:39","msg":"Invalid User","type":"process","error":"sql: no rows in result set"}
{"level":"info","datetime":"2021-04-04T14:09:29.623Z","logger":"Postgres.Postgres.Postgres.Postgres.Postgres.Postgres","caller":"logs/log.go:39","msg":"Connection Postgres successful","type":"process","error":null}
{"level":"info","datetime":"2021-04-04T14:09:29.643Z","logger":"Postgres.Postgres.Postgres.Postgres.Postgres.Postgres.Postgres","caller":"logs/log.go:39","msg":"Connection Postgres successful","type":"process","error":null}
{"level":"info","datetime":"2021-04-04T14:09:29.658Z","logger":"Postgres.Postgres.Postgres.Postgres.Postgres.Postgres.Postgres.Postgres","caller":"logs/log.go:39","msg":"Connection Postgres successful","type":"process","error":null}
{"level":"info","datetime":"2021-04-04T14:09:50.512Z","logger":"Postgres","caller":"logs/log.go:39","msg":"Connection Postgres successful","type":"process","error":null}
{"level":"info","datetime":"2021-04-04T14:09:50.523Z","logger":"Postgres.Postgres","caller":"logs/log.go:39","msg":"Connection Postgres successful","type":"process","error":null}
{"level":"info","datetime":"2021-04-04T14:09:50.533Z","logger":"Postgres.Postgres.Postgres","caller":"logs/log.go:39","msg":"Connection Postgres successful","type":"process","error":null}
{"level":"info","datetime":"2021-04-04T14:09:50.545Z","logger":"Postgres.Postgres.Postgres.Postgres","caller":"logs/log.go:39","msg":"Connection Postgres successful","type":"process","error":null}
{"level":"info","datetime":"2021-04-04T14:09:50.556Z","logger":"Postgres.Postgres.Postgres.Postgres.Postgres","caller":"logs/log.go:39","msg":"Connection Postgres successful","type":"process","error":null}
{"level":"info","datetime":"2021-04-04T14:09:50.558Z","logger":"Postgres.Postgres.Postgres.Postgres.Postgres","caller":"logs/log.go:39","msg":"Invalid User","type":"process","error":"sql: no rows in result set"}
{"level":"info","datetime":"2021-04-04T14:09:50.568Z","logger":"Postgres.Postgres.Postgres.Postgres.Postgres.Postgres","caller":"logs/log.go:39","msg":"Connection Postgres successful","type":"process","error":null}
{"level":"info","datetime":"2021-04-04T14:09:50.590Z","logger":"Postgres.Postgres.Postgres.Postgres.Postgres.Postgres.Postgres","caller":"logs/log.go:39","msg":"Connection Postgres successful","type":"process","error":null}
{"level":"info","datetime":"2021-04-04T14:09:50.615Z","logger":"Postgres.Postgres.Postgres.Postgres.Postgres.Postgres.Postgres.Postgres","caller":"logs/log.go:39","msg":"Connection Postgres successful","type":"process","error":null}
{"level":"info","datetime":"2021-04-04T14:15:09.431Z","logger":"Postgres","caller":"logs/log.go:39","msg":"Connection Postgres successful","type":"process","error":null}
{"level":"info","datetime":"2021-04-04T14:15:09.444Z","logger":"Postgres.Postgres","caller":"logs/log.go:39","msg":"Connection Postgres successful","type":"process","error":null}
{"level":"info","datetime":"2021-04-04T14:15:09.455Z","logger":"Postgres.Postgres.Postgres","caller":"logs/log.go:39","msg":"Connection Postgres successful","type":"process","error":null}
{"level":"info","datetime":"2021-04-04T14:15:09.466Z","logger":"Postgres.Postgres.Postgres.Postgres","caller":"logs/log.go:39","msg":"Connection Postgres successful","type":"process","error":null}
{"level":"info","datetime":"2021-04-04T14:15:09.479Z","logger":"Postgres.Postgres.Postgres.Postgres.Postgres","caller":"logs/log.go:39","msg":"Connection Postgres successful","type":"process","error":null}
{"level":"info","datetime":"2021-04-04T14:15:09.482Z","logger":"Postgres.Postgres.Postgres.Postgres.Postgres","caller":"logs/log.go:39","msg":"Invalid User","type":"process","error":"sql: no rows in result set"}
{"level":"info","datetime":"2021-04-04T14:15:09.494Z","logger":"Postgres.Postgres.Postgres.Postgres.Postgres.Postgres","caller":"logs/log.go:39","msg":"Connection Postgres successful","type":"process","error":null}
{"level":"info","datetime":"2021-04-04T14:15:09.512Z","logger":"Postgres.Postgres.Postgres.Postgres.Postgres.Postgres.Postgres","caller":"logs/log.go:39","msg":"Connection Postgres successful","type":"process","error":null}
{"level":"info","datetime":"2021-04-04T14:15:09.526Z","logger":"Postgres.Postgres.Postgres.Postgres.Postgres.Postgres.Postgres.Postgres","caller":"logs/log.go:39","msg":"Connection Postgres successful","type":"process","error":null}
{"level":"info","datetime":"2021-04-04T14:15:09.543Z","logger":"Postgres.Postgres.Postgres.Postgres.Postgres.Postgres.Postgres.Postgres.Postgres","caller":"logs/log.go:39","msg":"Connection Postgres successful","type":"process","error":null}
{"level":"info","datetime":"2021-04-04T14:15:09.563Z","logger":"Postgres.Postgres.Postgres.Postgres.Postgres.Postgres.Postgres.Postgres.Postgres.Postgres","caller":"logs/log.go:39","msg":"Connection Postgres successful","type":"process","error":null}
{"level":"info","datetime":"2021-04-04T14:15:09.575Z","logger":"Postgres.Postgres.Postgres.Postgres.Postgres.Postgres.Postgres.Postgres.Postgres.Postgres.Postgres","caller":"logs/log.go:39","msg":"Connection Postgres successful","type":"process","error":null}
{"level":"info","datetime":"2021-04-04T14:15:45.864Z","logger":"Postgres","caller":"logs/log.go:39","msg":"Connection Postgres successful","type":"process","error":null}
{"level":"info","datetime":"2021-04-04T14:15:45.879Z","logger":"Postgres.Postgres","caller":"logs/log.go:39","msg":"Connection Postgres successful","type":"process","error":null}
{"level":"info","datetime":"2021-04-04T14:15:45.891Z","logger":"Postgres.Postgres.Postgres","caller":"logs/log.go:39","msg":"Connection Postgres successful","type":"process","error":null}
{"level":"info","datetime":"2021-04-04T14:15:45.903Z","logger":"Postgres.Postgres.Postgres.Postgres","caller":"logs/log.go:39","msg":"Connection Postgres successful","type":"process","error":null}
{"level":"info","datetime":"2021-04-04T14:15:45.914Z","logger":"Postgres.Postgres.Postgres.Postgres.Postgres","caller":"logs/log.go:39","msg":"Connection Postgres successful","type":"process","error":null}
{"level":"info","datetime":"2021-04-04T14:15:45.916Z","logger":"Postgres.Postgres.Postgres.Postgres.Postgres","caller":"logs/log.go:39","msg":"Invalid User","type":"process","error":"sql: no rows in result set"}
{"level":"info","datetime":"2021-04-04T14:15:45.928Z","logger":"Postgres.Postgres.Postgres.Postgres.Postgres.Postgres","caller":"logs/log.go:39","msg":"Connection Postgres successful","type":"process","error":null}
{"level":"info","datetime":"2021-04-04T14:15:45.944Z","logger":"Postgres.Postgres.Postgres.Postgres.Postgres.Postgres.Postgres","caller":"logs/log.go:39","msg":"Connection Postgres successful","type":"process","error":null}
{"level":"info","datetime":"2021-04-04T14:15:45.957Z","logger":"Postgres.Postgres.Postgres.Postgres.Postgres.Postgres.Postgres.Postgres","caller":"logs/log.go:39","msg":"Connection Postgres successful","type":"process","error":null}
{"level":"info","datetime":"2021-04-04T14:15:45.974Z","logger":"Postgres.Postgres.Postgres.Postgres.Postgres.Postgres.Postgres.Postgres.Postgres","caller":"logs/log.go:39","msg":"Connection Postgres successful","type":"process","error":null}
{"level":"info","datetime":"2021-04-04T14:15:45.986Z","logger":"Postgres.Postgres.Postgres.Postgres.Postgres.Postgres.Postgres.Postgres.Postgres.Postgres","caller":"logs/log.go:39","msg":"Connection Postgres successful","type":"process","error":null}
{"level":"info","datetime":"2021-04-04T14:15:45.999Z","logger":"Postgres.Postgres.Postgres.Postgres.Postgres.Postgres.Postgres.Postgres.Postgres.Postgres.Postgres","caller":"logs/log.go:39","msg":"Connection Postgres successful","type":"process","error":null}
{"level":"info","datetime":"2021-04-04T14:19:45.681Z","logger":"Postgres","caller":"logs/log.go:39","msg":"Connection Postgres successful","type":"process","error":null}
{"level":"info","datetime":"2021-04-04T14:19:45.695Z","logger":"Postgres.Postgres","caller":"logs/log.go:39","msg":"Connection Postgres successful","type":"process","error":null}
{"level":"info","datetime":"2021-04-04T14:19:45.706Z","logger":"Postgres.Postgres.Postgres","caller":"logs/log.go:39","msg":"Connection Postgres successful","type":"process","error":null}
{"level":"info","datetime":"2021-04-04T14:19:45.719Z","logger":"Postgres.Postgres.Postgres.Postgres","caller":"logs/log.go:39","msg":"Connection Postgres successful","type":"process","error":null}
{"level":"info","datetime":"2021-04-04T14:19:45.733Z","logger":"Postgres.Postgres.Postgres.Postgres.Postgres","caller":"logs/log.go:39","msg":"Connection Postgres successful","type":"process","error":null}
{"level":"info","datetime":"2021-04-04T14:19:45.737Z","logger":"Postgres.Postgres.Postgres.Postgres.Postgres","caller":"logs/log.go:39","msg":"Invalid User","type":"process","error":"sql: no rows in result set"}
{"level":"info","datetime":"2021-04-04T14:19:45.748Z","logger":"Postgres.Postgres.Postgres.Postgres.Postgres.Postgres","caller":"logs/log.go:39","msg":"Connection Postgres successful","type":"process","error":null}
{"level":"info","datetime":"2021-04-04T14:19:45.778Z","logger":"Postgres.Postgres.Postgres.Postgres.Postgres.Postgres.Postgres","caller":"logs/log.go:39","msg":"Connection Postgres successful","type":"process","error":null}
{"level":"info","datetime":"2021-04-04T14:19:45.796Z","logger":"Postgres.Postgres.Postgres.Postgres.Postgres.Postgres.Postgres.Postgres","caller":"logs/log.go:39","msg":"Connection Postgres successful","type":"process","error":null}
{"level":"info","datetime":"2021-04-04T14:19:45.814Z","logger":"Postgres.Postgres.Postgres.Postgres.Postgres.Postgres.Postgres.Postgres.Postgres","caller":"logs/log.go:39","msg":"Connection Postgres successful","type":"process","error":null}
{"level":"info","datetime":"2021-04-04T14:19:45.829Z","logger":"Postgres.Postgres.Postgres.Postgres.Postgres.Postgres.Postgres.Postgres.Postgres.Postgres","caller":"logs/log.go:39","msg":"Connection Postgres successful","type":"process","error":null}
{"level":"info","datetime":"2021-04-04T14:19:45.842Z","logger":"Postgres.Postgres.Postgres.Postgres.Postgres.Postgres.Postgres.Postgres.Postgres.Postgres.Postgres","caller":"logs/log.go:39","msg":"Connection Postgres successful","type":"process","error":null}
{"level":"info","datetime":"2021-04-04T14:23:31.291Z","logger":"Postgres","caller":"logs/log.go:39","msg":"Connection Postgres successful","type":"process","error":null}
{"level":"info","datetime":"2021-04-04T14:23:31.310Z","logger":"Postgres.Postgres","caller":"logs/log.go:39","msg":"Connection Postgres successful","type":"process","error":null}
{"level":"info","datetime":"2021-04-04T14:23:31.333Z","logger":"Postgres.Postgres.Postgres","caller":"logs/log.go:39","msg":"Connection Postgres successful","type":"process","error":null}
{"level":"info","datetime":"2021-04-04T14:23:31.348Z","logger":"Postgres.Postgres.Postgres.Postgres","caller":"logs/log.go:39","msg":"Connection Postgres successful","type":"process","error":null}
{"level":"info","datetime":"2021-04-04T14:23:31.367Z","logger":"Postgres.Postgres.Postgres.Postgres.Postgres","caller":"logs/log.go:39","msg":"Connection Postgres successful","type":"process","error":null}
{"level":"info","datetime":"2021-04-04T14:23:31.370Z","logger":"Postgres.Postgres.Postgres.Postgres.Postgres","caller":"logs/log.go:39","msg":"Invalid User","type":"process","error":"sql: no rows in result set"}
{"level":"info","datetime":"2021-04-04T14:23:31.383Z","logger":"Postgres.Postgres.Postgres.Postgres.Postgres.Postgres","caller":"logs/log.go:39","msg":"Connection Postgres successful","type":"process","error":null}
{"level":"info","datetime":"2021-04-04T14:23:31.414Z","logger":"Postgres.Postgres.Postgres.Postgres.Postgres.Postgres.Postgres","caller":"logs/log.go:39","msg":"Connection Postgres successful","type":"process","error":null}
{"level":"info","datetime":"2021-04-04T14:23:31.429Z","logger":"Postgres.Postgres.Postgres.Postgres.Postgres.Postgres.Postgres.Postgres","caller":"logs/log.go:39","msg":"Connection Postgres successful","type":"process","error":null}
{"level":"info","datetime":"2021-04-04T14:23:31.453Z","logger":"Postgres.Postgres.Postgres.Postgres.Postgres.Postgres.Postgres.Postgres.Postgres","caller":"logs/log.go:39","msg":"Connection Postgres successful","type":"process","error":null}
{"level":"info","datetime":"2021-04-04T14:23:31.464Z","logger":"Postgres.Postgres.Postgres.Postgres.Postgres.Postgres.Postgres.Postgres.Postgres.Postgres","caller":"logs/log.go:39","msg":"Connection Postgres successful","type":"process","error":null}
{"level":"info","datetime":"2021-04-04T14:23:31.477Z","logger":"Postgres.Postgres.Postgres.Postgres.Postgres.Postgres.Postgres.Postgres.Postgres.Postgres.Postgres","caller":"logs/log.go:39","msg":"Connection Postgres successful","type":"process","error":null}
